ncverilog: 15.20-s039: (c) Copyright 1995-2017 Cadence Design Systems, Inc.
TOOL:	ncverilog	15.20-s039: Started on Sep 26, 2020 at 15:41:57 CST
ncverilog
	testfixture.v
	../syn/SET_syn.v
	-v
	../../tsmc13_neg.v
	+define+MD1
	+define+SDF
file: testfixture.v
	module worklib.testfixture1:v
		errors: 0, warnings: 0
file: ../syn/SET_syn.v
	module worklib.SET_DW01_inc_0_DW01_inc_2:v
		errors: 0, warnings: 0
	module worklib.SET_DW01_add_0:v
		errors: 0, warnings: 0
	module worklib.SET:v
		errors: 0, warnings: 0
		Caching library 'worklib' ....... Done
		Caching library 'tsmc13_neg' ....... Done
	Elaborating the design hierarchy:
  DFFRX1 \x_reg[3]  ( .D(n323), .CK(clk), .RN(n664), .QN(n659) );
                  |
ncelab: *W,CUVWSP (../syn/SET_syn.v,260|18): 1 output port was not connected:
ncelab: (/home/lin/github/tsmc13_neg.v,18307): Q

  DFFRX1 \r2_reg[3]  ( .D(n264), .CK(clk), .RN(n664), .Q(r2[3]) );
                   |
ncelab: *W,CUVWSP (../syn/SET_syn.v,275|19): 1 output port was not connected:
ncelab: (/home/lin/github/tsmc13_neg.v,18307): QN

  DFFRX1 \r1_reg[3]  ( .D(n268), .CK(clk), .RN(n664), .Q(r1[3]) );
                   |
ncelab: *W,CUVWSP (../syn/SET_syn.v,276|19): 1 output port was not connected:
ncelab: (/home/lin/github/tsmc13_neg.v,18307): QN

  DFFRX1 \r3_reg[3]  ( .D(n260), .CK(clk), .RN(n664), .Q(r3[3]) );
                   |
ncelab: *W,CUVWSP (../syn/SET_syn.v,277|19): 1 output port was not connected:
ncelab: (/home/lin/github/tsmc13_neg.v,18307): QN

  DFFRX1 \y1_reg[1]  ( .D(n290), .CK(clk), .RN(n664), .Q(y1[1]) );
                   |
ncelab: *W,CUVWSP (../syn/SET_syn.v,279|19): 1 output port was not connected:
ncelab: (/home/lin/github/tsmc13_neg.v,18307): QN

  DFFRX1 \x2_reg[1]  ( .D(n286), .CK(clk), .RN(n664), .Q(x2[1]) );
                   |
ncelab: *W,CUVWSP (../syn/SET_syn.v,280|19): 1 output port was not connected:
ncelab: (/home/lin/github/tsmc13_neg.v,18307): QN

  DFFRX1 \x1_reg[1]  ( .D(n294), .CK(clk), .RN(n664), .Q(x1[1]) );
                   |
ncelab: *W,CUVWSP (../syn/SET_syn.v,281|19): 1 output port was not connected:
ncelab: (/home/lin/github/tsmc13_neg.v,18307): QN

  DFFRX1 \y3_reg[1]  ( .D(n274), .CK(clk), .RN(n664), .Q(y3[1]) );
                   |
ncelab: *W,CUVWSP (../syn/SET_syn.v,282|19): 1 output port was not connected:
ncelab: (/home/lin/github/tsmc13_neg.v,18307): QN

  DFFRX1 \y2_reg[1]  ( .D(n282), .CK(clk), .RN(n664), .Q(y2[1]) );
                   |
ncelab: *W,CUVWSP (../syn/SET_syn.v,283|19): 1 output port was not connected:
ncelab: (/home/lin/github/tsmc13_neg.v,18307): QN

  DFFRX1 \x3_reg[1]  ( .D(n278), .CK(clk), .RN(n664), .Q(x3[1]) );
                   |
ncelab: *W,CUVWSP (../syn/SET_syn.v,284|19): 1 output port was not connected:
ncelab: (/home/lin/github/tsmc13_neg.v,18307): QN

  DFFRX1 \mode_buffer_reg[1]  ( .D(n257), .CK(clk), .RN(n664), .Q(n649) );
                            |
ncelab: *W,CUVWSP (../syn/SET_syn.v,285|28): 1 output port was not connected:
ncelab: (/home/lin/github/tsmc13_neg.v,18307): QN

  DFFRX1 union_A_reg ( .D(n326), .CK(clk), .RN(n664), .Q(union_A) );
                   |
ncelab: *W,CUVWSP (../syn/SET_syn.v,290|19): 1 output port was not connected:
ncelab: (/home/lin/github/tsmc13_neg.v,18307): QN

  SET_DW01_add_0 r431 ( .A({a[8:2], 1'b0, a[0]}), .B({b[8:2], 1'b0, b[0]}), 
                    |
ncelab: *W,CUVWSP (../syn/SET_syn.v,707|20): 1 output port was not connected:
ncelab: (../syn/SET_syn.v,25): CO

  DFFRX1 union_B_reg ( .D(n325), .CK(clk), .RN(n664), .Q(union_B) );
                   |
ncelab: *W,CUVWSP (../syn/SET_syn.v,709|19): 1 output port was not connected:
ncelab: (/home/lin/github/tsmc13_neg.v,18307): QN

  DFFRX1 \y_reg[3]  ( .D(n345), .CK(clk), .RN(n664), .Q(y[3]) );
                  |
ncelab: *W,CUVWSP (../syn/SET_syn.v,710|18): 1 output port was not connected:
ncelab: (/home/lin/github/tsmc13_neg.v,18307): QN

  DFFRX1 \y1_reg[3]  ( .D(n288), .CK(clk), .RN(n664), .Q(y1[3]) );
                   |
ncelab: *W,CUVWSP (../syn/SET_syn.v,711|19): 1 output port was not connected:
ncelab: (/home/lin/github/tsmc13_neg.v,18307): QN

  DFFRX1 \x2_reg[3]  ( .D(n284), .CK(clk), .RN(n664), .Q(x2[3]) );
                   |
ncelab: *W,CUVWSP (../syn/SET_syn.v,712|19): 1 output port was not connected:
ncelab: (/home/lin/github/tsmc13_neg.v,18307): QN

  DFFRX1 \x1_reg[3]  ( .D(n292), .CK(clk), .RN(n664), .Q(x1[3]) );
                   |
ncelab: *W,CUVWSP (../syn/SET_syn.v,713|19): 1 output port was not connected:
ncelab: (/home/lin/github/tsmc13_neg.v,18307): QN

  DFFRX1 \y3_reg[3]  ( .D(n272), .CK(clk), .RN(n664), .Q(y3[3]) );
                   |
ncelab: *W,CUVWSP (../syn/SET_syn.v,714|19): 1 output port was not connected:
ncelab: (/home/lin/github/tsmc13_neg.v,18307): QN

  DFFRX1 \y2_reg[3]  ( .D(n280), .CK(clk), .RN(n664), .Q(y2[3]) );
                   |
ncelab: *W,CUVWSP (../syn/SET_syn.v,715|19): 1 output port was not connected:
ncelab: (/home/lin/github/tsmc13_neg.v,18307): QN

  DFFRX1 \x3_reg[3]  ( .D(n276), .CK(clk), .RN(n664), .Q(x3[3]) );
                   |
ncelab: *W,CUVWSP (../syn/SET_syn.v,716|19): 1 output port was not connected:
ncelab: (/home/lin/github/tsmc13_neg.v,18307): QN

  DFFRX1 valid_reg ( .D(n347), .CK(clk), .RN(n664), .Q(n675) );
                 |
ncelab: *W,CUVWSP (../syn/SET_syn.v,717|17): 1 output port was not connected:
ncelab: (/home/lin/github/tsmc13_neg.v,18307): QN

  DFFRX2 \x_reg[1]  ( .D(n321), .CK(clk), .RN(n664), .Q(x[1]) );
                  |
ncelab: *W,CUVWSP (../syn/SET_syn.v,719|18): 1 output port was not connected:
ncelab: (/home/lin/github/tsmc13_neg.v,18376): QN

  DFFRX2 \y_reg[1]  ( .D(n320), .CK(clk), .RN(n664), .Q(y[1]) );
                  |
ncelab: *W,CUVWSP (../syn/SET_syn.v,720|18): 1 output port was not connected:
ncelab: (/home/lin/github/tsmc13_neg.v,18376): QN

	Reading SDF file from location "../syn/SET_syn.sdf"
	Annotating SDF timing data:
		Compiled SDF file:     SET_syn.sdf.X
		Log file:              
		Backannotation scope:  testfixture1.u_set
		Configuration file:    
		MTM control:           
		Scale factors:         
		Scale type:            
ncelab: *W,SDFNEP: Unable to annotate to non-existent path (IOPATH (posedge A) Y) of instance testfixture1.u_set.r431.U1 of module XOR2X4 <../syn/SET_syn.sdf, line 1842>.
ncelab: *W,SDFNEP: Unable to annotate to non-existent path (IOPATH (negedge A) Y) of instance testfixture1.u_set.r431.U1 of module XOR2X4 <../syn/SET_syn.sdf, line 1843>.
ncelab: *W,SDFNEP: Unable to annotate to non-existent path (IOPATH (posedge B) Y) of instance testfixture1.u_set.r431.U1 of module XOR2X4 <../syn/SET_syn.sdf, line 1846>.
ncelab: *W,SDFNEP: Unable to annotate to non-existent path (IOPATH (negedge B) Y) of instance testfixture1.u_set.r431.U1 of module XOR2X4 <../syn/SET_syn.sdf, line 1847>.
ncelab: *W,SDFNEP: Unable to annotate to non-existent path (IOPATH (posedge A) Y) of instance testfixture1.u_set.r431.U3 of module XOR2X1 <../syn/SET_syn.sdf, line 1858>.
ncelab: *W,SDFNEP: Unable to annotate to non-existent path (IOPATH (negedge A) Y) of instance testfixture1.u_set.r431.U3 of module XOR2X1 <../syn/SET_syn.sdf, line 1859>.
ncelab: *W,SDFNEP: Unable to annotate to non-existent path (IOPATH (posedge B) Y) of instance testfixture1.u_set.r431.U3 of module XOR2X1 <../syn/SET_syn.sdf, line 1862>.
ncelab: *W,SDFNEP: Unable to annotate to non-existent path (IOPATH (negedge B) Y) of instance testfixture1.u_set.r431.U3 of module XOR2X1 <../syn/SET_syn.sdf, line 1863>.
ncelab: *W,SDFNEP: Unable to annotate to non-existent path (IOPATH (posedge A) S) of instance testfixture1.u_set.r431.U1_6 of module ADDFX2 <../syn/SET_syn.sdf, line 1893>.
ncelab: *W,SDFNEP: Unable to annotate to non-existent path (IOPATH (negedge A) S) of instance testfixture1.u_set.r431.U1_6 of module ADDFX2 <../syn/SET_syn.sdf, line 1894>.
ncelab: *W,SDFNEP: Unable to annotate to non-existent path (IOPATH (posedge B) S) of instance testfixture1.u_set.r431.U1_6 of module ADDFX2 <../syn/SET_syn.sdf, line 1899>.
ncelab: *W,SDFNEP: Unable to annotate to non-existent path (IOPATH (negedge B) S) of instance testfixture1.u_set.r431.U1_6 of module ADDFX2 <../syn/SET_syn.sdf, line 1900>.
ncelab: *W,SDFNEP: Unable to annotate to non-existent path (IOPATH (posedge CI) S) of instance testfixture1.u_set.r431.U1_6 of module ADDFX2 <../syn/SET_syn.sdf, line 1903>.
ncelab: *W,SDFNEP: Unable to annotate to non-existent path (IOPATH (negedge CI) S) of instance testfixture1.u_set.r431.U1_6 of module ADDFX2 <../syn/SET_syn.sdf, line 1904>.
ncelab: *W,SDFNEP: Unable to annotate to non-existent path (IOPATH (posedge A) S) of instance testfixture1.u_set.r431.U1_5 of module ADDFXL <../syn/SET_syn.sdf, line 1924>.
ncelab: *W,SDFNEP: Unable to annotate to non-existent path (IOPATH (negedge A) S) of instance testfixture1.u_set.r431.U1_5 of module ADDFXL <../syn/SET_syn.sdf, line 1925>.
ncelab: *W,SDFNEP: Unable to annotate to non-existent path (IOPATH (posedge B) S) of instance testfixture1.u_set.r431.U1_5 of module ADDFXL <../syn/SET_syn.sdf, line 1930>.
ncelab: *W,SDFNEP: Unable to annotate to non-existent path (IOPATH (negedge B) S) of instance testfixture1.u_set.r431.U1_5 of module ADDFXL <../syn/SET_syn.sdf, line 1931>.
ncelab: *W,SDFNEP: Unable to annotate to non-existent path (IOPATH (posedge CI) S) of instance testfixture1.u_set.r431.U1_5 of module ADDFXL <../syn/SET_syn.sdf, line 1934>.
ncelab: *W,SDFNEP: Unable to annotate to non-existent path (IOPATH (negedge CI) S) of instance testfixture1.u_set.r431.U1_5 of module ADDFXL <../syn/SET_syn.sdf, line 1935>.
ncelab: *W,SDFNEP: Unable to annotate to non-existent path (IOPATH (posedge A) S) of instance testfixture1.u_set.r431.U1_3 of module ADDFX2 <../syn/SET_syn.sdf, line 1955>.
ncelab: *W,SDFNEP: Unable to annotate to non-existent path (IOPATH (negedge A) S) of instance testfixture1.u_set.r431.U1_3 of module ADDFX2 <../syn/SET_syn.sdf, line 1956>.
ncelab: *W,SDFNEP: Unable to annotate to non-existent path (IOPATH (posedge B) S) of instance testfixture1.u_set.r431.U1_3 of module ADDFX2 <../syn/SET_syn.sdf, line 1961>.
ncelab: *W,SDFNEP: Unable to annotate to non-existent path (IOPATH (negedge B) S) of instance testfixture1.u_set.r431.U1_3 of module ADDFX2 <../syn/SET_syn.sdf, line 1962>.
ncelab: *W,SDFNEP: Unable to annotate to non-existent path (IOPATH (posedge CI) S) of instance testfixture1.u_set.r431.U1_3 of module ADDFX2 <../syn/SET_syn.sdf, line 1965>.
ncelab: *W,SDFNEP: Unable to annotate to non-existent path (IOPATH (negedge CI) S) of instance testfixture1.u_set.r431.U1_3 of module ADDFX2 <../syn/SET_syn.sdf, line 1966>.
ncelab: *W,SDFNEP: Unable to annotate to non-existent path (IOPATH (posedge A) S) of instance testfixture1.u_set.r431.U1_4 of module ADDFX2 <../syn/SET_syn.sdf, line 1986>.
ncelab: *W,SDFNEP: Unable to annotate to non-existent path (IOPATH (negedge A) S) of instance testfixture1.u_set.r431.U1_4 of module ADDFX2 <../syn/SET_syn.sdf, line 1987>.
ncelab: *W,SDFNEP: Unable to annotate to non-existent path (IOPATH (posedge B) S) of instance testfixture1.u_set.r431.U1_4 of module ADDFX2 <../syn/SET_syn.sdf, line 1992>.
ncelab: *W,SDFNEP: Unable to annotate to non-existent path (IOPATH (negedge B) S) of instance testfixture1.u_set.r431.U1_4 of module ADDFX2 <../syn/SET_syn.sdf, line 1993>.
ncelab: *W,SDFNEP: Unable to annotate to non-existent path (IOPATH (posedge CI) S) of instance testfixture1.u_set.r431.U1_4 of module ADDFX2 <../syn/SET_syn.sdf, line 1996>.
ncelab: *W,SDFNEP: Unable to annotate to non-existent path (IOPATH (negedge CI) S) of instance testfixture1.u_set.r431.U1_4 of module ADDFX2 <../syn/SET_syn.sdf, line 1997>.
ncelab: *W,SDFNEP: Unable to annotate to non-existent path (IOPATH (posedge A) S) of instance testfixture1.u_set.r431.U1_7 of module ADDFXL <../syn/SET_syn.sdf, line 2017>.
ncelab: *W,SDFNEP: Unable to annotate to non-existent path (IOPATH (negedge A) S) of instance testfixture1.u_set.r431.U1_7 of module ADDFXL <../syn/SET_syn.sdf, line 2018>.
ncelab: *W,SDFNEP: Unable to annotate to non-existent path (IOPATH (posedge B) S) of instance testfixture1.u_set.r431.U1_7 of module ADDFXL <../syn/SET_syn.sdf, line 2023>.
ncelab: *W,SDFNEP: Unable to annotate to non-existent path (IOPATH (negedge B) S) of instance testfixture1.u_set.r431.U1_7 of module ADDFXL <../syn/SET_syn.sdf, line 2024>.
ncelab: *W,SDFNEP: Unable to annotate to non-existent path (IOPATH (posedge CI) S) of instance testfixture1.u_set.r431.U1_7 of module ADDFXL <../syn/SET_syn.sdf, line 2027>.
ncelab: *W,SDFNEP: Unable to annotate to non-existent path (IOPATH (negedge CI) S) of instance testfixture1.u_set.r431.U1_7 of module ADDFXL <../syn/SET_syn.sdf, line 2028>.
ncelab: *W,SDFNEP: Unable to annotate to non-existent path (IOPATH (posedge A) Y) of instance testfixture1.u_set.r431.U1_8 of module XOR3X1 <../syn/SET_syn.sdf, line 2041>.
ncelab: *W,SDFNEP: Unable to annotate to non-existent path (IOPATH (negedge A) Y) of instance testfixture1.u_set.r431.U1_8 of module XOR3X1 <../syn/SET_syn.sdf, line 2042>.
ncelab: *W,SDFNEP: Unable to annotate to non-existent path (IOPATH (posedge B) Y) of instance testfixture1.u_set.r431.U1_8 of module XOR3X1 <../syn/SET_syn.sdf, line 2047>.
ncelab: *W,SDFNEP: Unable to annotate to non-existent path (IOPATH (negedge B) Y) of instance testfixture1.u_set.r431.U1_8 of module XOR3X1 <../syn/SET_syn.sdf, line 2048>.
ncelab: *W,SDFNEP: Unable to annotate to non-existent path (IOPATH (posedge C) Y) of instance testfixture1.u_set.r431.U1_8 of module XOR3X1 <../syn/SET_syn.sdf, line 2051>.
ncelab: *W,SDFNEP: Unable to annotate to non-existent path (IOPATH (negedge C) Y) of instance testfixture1.u_set.r431.U1_8 of module XOR3X1 <../syn/SET_syn.sdf, line 2052>.
ncelab: *W,SDFNEP: Unable to annotate to non-existent path (IOPATH (posedge A) Y) of instance testfixture1.u_set.r441.U1 of module XOR2XL <../syn/SET_syn.sdf, line 2072>.
ncelab: *W,SDFNEP: Unable to annotate to non-existent path (IOPATH (negedge A) Y) of instance testfixture1.u_set.r441.U1 of module XOR2XL <../syn/SET_syn.sdf, line 2073>.
ncelab: *W,SDFNEP: Unable to annotate to non-existent path (IOPATH (posedge B) Y) of instance testfixture1.u_set.r441.U1 of module XOR2XL <../syn/SET_syn.sdf, line 2076>.
ncelab: *W,SDFNEP: Unable to annotate to non-existent path (IOPATH (negedge B) Y) of instance testfixture1.u_set.r441.U1 of module XOR2XL <../syn/SET_syn.sdf, line 2077>.
ncelab: *W,SDFNEP: Unable to annotate to non-existent path (IOPATH (posedge A) S) of instance testfixture1.u_set.r441.U1_1_1 of module ADDHXL <../syn/SET_syn.sdf, line 2090>.
ncelab: *W,SDFNEP: Unable to annotate to non-existent path (IOPATH (negedge A) S) of instance testfixture1.u_set.r441.U1_1_1 of module ADDHXL <../syn/SET_syn.sdf, line 2091>.
ncelab: *W,SDFNEP: Unable to annotate to non-existent path (IOPATH (posedge B) S) of instance testfixture1.u_set.r441.U1_1_1 of module ADDHXL <../syn/SET_syn.sdf, line 2094>.
ncelab: *W,SDFNEP: Unable to annotate to non-existent path (IOPATH (negedge B) S) of instance testfixture1.u_set.r441.U1_1_1 of module ADDHXL <../syn/SET_syn.sdf, line 2095>.
ncelab: *W,SDFNEP: Unable to annotate to non-existent path (IOPATH (posedge A) S) of instance testfixture1.u_set.r441.U1_1_2 of module ADDHXL <../syn/SET_syn.sdf, line 2108>.
ncelab: *W,SDFNEP: Unable to annotate to non-existent path (IOPATH (negedge A) S) of instance testfixture1.u_set.r441.U1_1_2 of module ADDHXL <../syn/SET_syn.sdf, line 2109>.
ncelab: *W,SDFNEP: Unable to annotate to non-existent path (IOPATH (posedge B) S) of instance testfixture1.u_set.r441.U1_1_2 of module ADDHXL <../syn/SET_syn.sdf, line 2112>.
ncelab: *W,SDFNEP: Unable to annotate to non-existent path (IOPATH (negedge B) S) of instance testfixture1.u_set.r441.U1_1_2 of module ADDHXL <../syn/SET_syn.sdf, line 2113>.
ncelab: *W,SDFNEP: Unable to annotate to non-existent path (IOPATH (posedge A) S) of instance testfixture1.u_set.r441.U1_1_3 of module ADDHXL <../syn/SET_syn.sdf, line 2126>.
ncelab: *W,SDFNEP: Unable to annotate to non-existent path (IOPATH (negedge A) S) of instance testfixture1.u_set.r441.U1_1_3 of module ADDHXL <../syn/SET_syn.sdf, line 2127>.
ncelab: *W,SDFNEP: Unable to annotate to non-existent path (IOPATH (posedge B) S) of instance testfixture1.u_set.r441.U1_1_3 of module ADDHXL <../syn/SET_syn.sdf, line 2130>.
ncelab: *W,SDFNEP: Unable to annotate to non-existent path (IOPATH (negedge B) S) of instance testfixture1.u_set.r441.U1_1_3 of module ADDHXL <../syn/SET_syn.sdf, line 2131>.
ncelab: *W,SDFNEP: Unable to annotate to non-existent path (IOPATH (posedge A) S) of instance testfixture1.u_set.r441.U1_1_4 of module ADDHXL <../syn/SET_syn.sdf, line 2144>.
ncelab: *W,SDFNEP: Unable to annotate to non-existent path (IOPATH (negedge A) S) of instance testfixture1.u_set.r441.U1_1_4 of module ADDHXL <../syn/SET_syn.sdf, line 2145>.
ncelab: *W,SDFNEP: Unable to annotate to non-existent path (IOPATH (posedge B) S) of instance testfixture1.u_set.r441.U1_1_4 of module ADDHXL <../syn/SET_syn.sdf, line 2148>.
ncelab: *W,SDFNEP: Unable to annotate to non-existent path (IOPATH (negedge B) S) of instance testfixture1.u_set.r441.U1_1_4 of module ADDHXL <../syn/SET_syn.sdf, line 2149>.
ncelab: *W,SDFNEP: Unable to annotate to non-existent path (IOPATH (posedge A) S) of instance testfixture1.u_set.r441.U1_1_5 of module ADDHXL <../syn/SET_syn.sdf, line 2162>.
ncelab: *W,SDFNEP: Unable to annotate to non-existent path (IOPATH (negedge A) S) of instance testfixture1.u_set.r441.U1_1_5 of module ADDHXL <../syn/SET_syn.sdf, line 2163>.
ncelab: *W,SDFNEP: Unable to annotate to non-existent path (IOPATH (posedge B) S) of instance testfixture1.u_set.r441.U1_1_5 of module ADDHXL <../syn/SET_syn.sdf, line 2166>.
ncelab: *W,SDFNEP: Unable to annotate to non-existent path (IOPATH (negedge B) S) of instance testfixture1.u_set.r441.U1_1_5 of module ADDHXL <../syn/SET_syn.sdf, line 2167>.
ncelab: *W,SDFNEP: Unable to annotate to non-existent path (IOPATH (posedge A) S) of instance testfixture1.u_set.r441.U1_1_6 of module ADDHXL <../syn/SET_syn.sdf, line 2180>.
ncelab: *W,SDFNEP: Unable to annotate to non-existent path (IOPATH (negedge A) S) of instance testfixture1.u_set.r441.U1_1_6 of module ADDHXL <../syn/SET_syn.sdf, line 2181>.
ncelab: *W,SDFNEP: Unable to annotate to non-existent path (IOPATH (posedge B) S) of instance testfixture1.u_set.r441.U1_1_6 of module ADDHXL <../syn/SET_syn.sdf, line 2184>.
ncelab: *W,SDFNEP: Unable to annotate to non-existent path (IOPATH (negedge B) S) of instance testfixture1.u_set.r441.U1_1_6 of module ADDHXL <../syn/SET_syn.sdf, line 2185>.
ncelab: *W,SDFNEP: Unable to annotate to non-existent path (IOPATH (posedge S0) Y) of instance testfixture1.u_set.U717 of module CLKMX2X2 <../syn/SET_syn.sdf, line 2208>.
ncelab: *W,SDFNEP: Unable to annotate to non-existent path (IOPATH (negedge S0) Y) of instance testfixture1.u_set.U717 of module CLKMX2X2 <../syn/SET_syn.sdf, line 2209>.
ncelab: *W,SDFNEP: Unable to annotate to non-existent path (IOPATH (posedge S0) Y) of instance testfixture1.u_set.U716 of module CLKMX2X2 <../syn/SET_syn.sdf, line 2222>.
ncelab: *W,SDFNEP: Unable to annotate to non-existent path (IOPATH (negedge S0) Y) of instance testfixture1.u_set.U716 of module CLKMX2X2 <../syn/SET_syn.sdf, line 2223>.
ncelab: *W,SDFNEP: Unable to annotate to non-existent path (IOPATH (posedge S0) Y) of instance testfixture1.u_set.U715 of module CLKMX2X2 <../syn/SET_syn.sdf, line 2236>.
ncelab: *W,SDFNEP: Unable to annotate to non-existent path (IOPATH (negedge S0) Y) of instance testfixture1.u_set.U715 of module CLKMX2X2 <../syn/SET_syn.sdf, line 2237>.
ncelab: *W,SDFNEP: Unable to annotate to non-existent path (IOPATH (posedge S0) Y) of instance testfixture1.u_set.U714 of module CLKMX2X2 <../syn/SET_syn.sdf, line 2250>.
ncelab: *W,SDFNEP: Unable to annotate to non-existent path (IOPATH (negedge S0) Y) of instance testfixture1.u_set.U714 of module CLKMX2X2 <../syn/SET_syn.sdf, line 2251>.
ncelab: *W,SDFNEP: Unable to annotate to non-existent path (IOPATH (posedge S0) Y) of instance testfixture1.u_set.U713 of module CLKMX2X2 <../syn/SET_syn.sdf, line 2264>.
ncelab: *W,SDFNEP: Unable to annotate to non-existent path (IOPATH (negedge S0) Y) of instance testfixture1.u_set.U713 of module CLKMX2X2 <../syn/SET_syn.sdf, line 2265>.
ncelab: *W,SDFNEP: Unable to annotate to non-existent path (IOPATH (posedge S0) Y) of instance testfixture1.u_set.U712 of module CLKMX2X2 <../syn/SET_syn.sdf, line 2278>.
ncelab: *W,SDFNEP: Unable to annotate to non-existent path (IOPATH (negedge S0) Y) of instance testfixture1.u_set.U712 of module CLKMX2X2 <../syn/SET_syn.sdf, line 2279>.
ncelab: *W,SDFNEP: Unable to annotate to non-existent path (IOPATH (posedge S0) Y) of instance testfixture1.u_set.U711 of module CLKMX2X2 <../syn/SET_syn.sdf, line 2292>.
ncelab: *W,SDFNEP: Unable to annotate to non-existent path (IOPATH (negedge S0) Y) of instance testfixture1.u_set.U711 of module CLKMX2X2 <../syn/SET_syn.sdf, line 2293>.
ncelab: *W,SDFNEP: Unable to annotate to non-existent path (IOPATH (posedge S0) Y) of instance testfixture1.u_set.U710 of module CLKMX2X2 <../syn/SET_syn.sdf, line 2306>.
ncelab: *W,SDFNEP: Unable to annotate to non-existent path (IOPATH (negedge S0) Y) of instance testfixture1.u_set.U710 of module CLKMX2X2 <../syn/SET_syn.sdf, line 2307>.
ncelab: *W,SDFNEP: Unable to annotate to non-existent path (IOPATH (posedge S0) Y) of instance testfixture1.u_set.U709 of module CLKMX2X2 <../syn/SET_syn.sdf, line 2320>.
ncelab: *W,SDFNEP: Unable to annotate to non-existent path (IOPATH (negedge S0) Y) of instance testfixture1.u_set.U709 of module CLKMX2X2 <../syn/SET_syn.sdf, line 2321>.
ncelab: *W,SDFNEP: Unable to annotate to non-existent path (IOPATH (posedge S0) Y) of instance testfixture1.u_set.U708 of module CLKMX2X2 <../syn/SET_syn.sdf, line 2334>.
ncelab: *W,SDFNEP: Unable to annotate to non-existent path (IOPATH (negedge S0) Y) of instance testfixture1.u_set.U708 of module CLKMX2X2 <../syn/SET_syn.sdf, line 2335>.
ncelab: *W,SDFNEP: Unable to annotate to non-existent path (IOPATH (posedge S0) Y) of instance testfixture1.u_set.U707 of module CLKMX2X2 <../syn/SET_syn.sdf, line 2348>.
ncelab: *W,SDFNEP: Unable to annotate to non-existent path (IOPATH (negedge S0) Y) of instance testfixture1.u_set.U707 of module CLKMX2X2 <../syn/SET_syn.sdf, line 2349>.
ncelab: *W,SDFNEP: Unable to annotate to non-existent path (IOPATH (posedge S0) Y) of instance testfixture1.u_set.U706 of module CLKMX2X2 <../syn/SET_syn.sdf, line 2362>.
ncelab: *W,SDFNEP: Unable to annotate to non-existent path (IOPATH (negedge S0) Y) of instance testfixture1.u_set.U706 of module CLKMX2X2 <../syn/SET_syn.sdf, line 2363>.
ncelab: *W,SDFNEP: Unable to annotate to non-existent path (IOPATH (posedge S0) Y) of instance testfixture1.u_set.U705 of module CLKMX2X2 <../syn/SET_syn.sdf, line 2376>.
ncelab: *W,SDFNEP: Unable to annotate to non-existent path (IOPATH (negedge S0) Y) of instance testfixture1.u_set.U705 of module CLKMX2X2 <../syn/SET_syn.sdf, line 2377>.
ncelab: *W,SDFNEP: Unable to annotate to non-existent path (IOPATH (posedge S0) Y) of instance testfixture1.u_set.U704 of module CLKMX2X2 <../syn/SET_syn.sdf, line 2390>.
ncelab: *W,SDFNEP: Unable to annotate to non-existent path (IOPATH (negedge S0) Y) of instance testfixture1.u_set.U704 of module CLKMX2X2 <../syn/SET_syn.sdf, line 2391>.
ncelab: *W,SDFNEP: Unable to annotate to non-existent path (IOPATH (posedge S0) Y) of instance testfixture1.u_set.U703 of module CLKMX2X2 <../syn/SET_syn.sdf, line 2404>.
ncelab: *W,SDFNEP: Unable to annotate to non-existent path (IOPATH (negedge S0) Y) of instance testfixture1.u_set.U703 of module CLKMX2X2 <../syn/SET_syn.sdf, line 2405>.
ncelab: *W,SDFNEP: Unable to annotate to non-existent path (IOPATH (posedge S0) Y) of instance testfixture1.u_set.U702 of module CLKMX2X2 <../syn/SET_syn.sdf, line 2418>.
ncelab: *W,SDFNEP: Unable to annotate to non-existent path (IOPATH (negedge S0) Y) of instance testfixture1.u_set.U702 of module CLKMX2X2 <../syn/SET_syn.sdf, line 2419>.
ncelab: *W,SDFNEP: Unable to annotate to non-existent path (IOPATH (posedge S0) Y) of instance testfixture1.u_set.U701 of module CLKMX2X2 <../syn/SET_syn.sdf, line 2432>.
ncelab: *W,SDFNEP: Unable to annotate to non-existent path (IOPATH (negedge S0) Y) of instance testfixture1.u_set.U701 of module CLKMX2X2 <../syn/SET_syn.sdf, line 2433>.
ncelab: *W,SDFNEP: Unable to annotate to non-existent path (IOPATH (posedge S0) Y) of instance testfixture1.u_set.U700 of module CLKMX2X2 <../syn/SET_syn.sdf, line 2446>.
ncelab: *W,SDFNEP: Unable to annotate to non-existent path (IOPATH (negedge S0) Y) of instance testfixture1.u_set.U700 of module CLKMX2X2 <../syn/SET_syn.sdf, line 2447>.
ncelab: *W,SDFNEP: Unable to annotate to non-existent path (IOPATH (posedge S0) Y) of instance testfixture1.u_set.U699 of module CLKMX2X2 <../syn/SET_syn.sdf, line 2460>.
ncelab: *W,SDFNEP: Unable to annotate to non-existent path (IOPATH (negedge S0) Y) of instance testfixture1.u_set.U699 of module CLKMX2X2 <../syn/SET_syn.sdf, line 2461>.
ncelab: *W,SDFNEP: Unable to annotate to non-existent path (IOPATH (posedge S0) Y) of instance testfixture1.u_set.U698 of module CLKMX2X2 <../syn/SET_syn.sdf, line 2474>.
ncelab: *W,SDFNEP: Unable to annotate to non-existent path (IOPATH (negedge S0) Y) of instance testfixture1.u_set.U698 of module CLKMX2X2 <../syn/SET_syn.sdf, line 2475>.
ncelab: *W,SDFNEP: Unable to annotate to non-existent path (IOPATH (posedge S0) Y) of instance testfixture1.u_set.U697 of module CLKMX2X2 <../syn/SET_syn.sdf, line 2488>.
ncelab: *W,SDFNEP: Unable to annotate to non-existent path (IOPATH (negedge S0) Y) of instance testfixture1.u_set.U697 of module CLKMX2X2 <../syn/SET_syn.sdf, line 2489>.
ncelab: *W,SDFNEP: Unable to annotate to non-existent path (IOPATH (posedge S0) Y) of instance testfixture1.u_set.U696 of module CLKMX2X2 <../syn/SET_syn.sdf, line 2502>.
ncelab: *W,SDFNEP: Unable to annotate to non-existent path (IOPATH (negedge S0) Y) of instance testfixture1.u_set.U696 of module CLKMX2X2 <../syn/SET_syn.sdf, line 2503>.
ncelab: *W,SDFNEP: Unable to annotate to non-existent path (IOPATH (posedge S0) Y) of instance testfixture1.u_set.U695 of module CLKMX2X2 <../syn/SET_syn.sdf, line 2516>.
ncelab: *W,SDFNEP: Unable to annotate to non-existent path (IOPATH (negedge S0) Y) of instance testfixture1.u_set.U695 of module CLKMX2X2 <../syn/SET_syn.sdf, line 2517>.
ncelab: *W,SDFNEP: Unable to annotate to non-existent path (IOPATH (posedge S0) Y) of instance testfixture1.u_set.U694 of module CLKMX2X2 <../syn/SET_syn.sdf, line 2530>.
ncelab: *W,SDFNEP: Unable to annotate to non-existent path (IOPATH (negedge S0) Y) of instance testfixture1.u_set.U694 of module CLKMX2X2 <../syn/SET_syn.sdf, line 2531>.
ncelab: *W,SDFNEP: Unable to annotate to non-existent path (IOPATH (posedge S0) Y) of instance testfixture1.u_set.U693 of module CLKMX2X2 <../syn/SET_syn.sdf, line 2544>.
ncelab: *W,SDFNEP: Unable to annotate to non-existent path (IOPATH (negedge S0) Y) of instance testfixture1.u_set.U693 of module CLKMX2X2 <../syn/SET_syn.sdf, line 2545>.
ncelab: *W,SDFNEP: Unable to annotate to non-existent path (IOPATH (posedge S0) Y) of instance testfixture1.u_set.U692 of module CLKMX2X2 <../syn/SET_syn.sdf, line 2558>.
ncelab: *W,SDFNEP: Unable to annotate to non-existent path (IOPATH (negedge S0) Y) of instance testfixture1.u_set.U692 of module CLKMX2X2 <../syn/SET_syn.sdf, line 2559>.
ncelab: *W,SDFNEP: Unable to annotate to non-existent path (IOPATH (posedge S0) Y) of instance testfixture1.u_set.U691 of module CLKMX2X2 <../syn/SET_syn.sdf, line 2572>.
ncelab: *W,SDFNEP: Unable to annotate to non-existent path (IOPATH (negedge S0) Y) of instance testfixture1.u_set.U691 of module CLKMX2X2 <../syn/SET_syn.sdf, line 2573>.
ncelab: *W,SDFNEP: Unable to annotate to non-existent path (IOPATH (posedge S0) Y) of instance testfixture1.u_set.U690 of module CLKMX2X2 <../syn/SET_syn.sdf, line 2586>.
ncelab: *W,SDFNEP: Unable to annotate to non-existent path (IOPATH (negedge S0) Y) of instance testfixture1.u_set.U690 of module CLKMX2X2 <../syn/SET_syn.sdf, line 2587>.
ncelab: *W,SDFNEP: Unable to annotate to non-existent path (IOPATH (posedge S0) Y) of instance testfixture1.u_set.U689 of module CLKMX2X2 <../syn/SET_syn.sdf, line 2600>.
ncelab: *W,SDFNEP: Unable to annotate to non-existent path (IOPATH (negedge S0) Y) of instance testfixture1.u_set.U689 of module CLKMX2X2 <../syn/SET_syn.sdf, line 2601>.
ncelab: *W,SDFNEP: Unable to annotate to non-existent path (IOPATH (posedge S0) Y) of instance testfixture1.u_set.U688 of module CLKMX2X2 <../syn/SET_syn.sdf, line 2614>.
ncelab: *W,SDFNEP: Unable to annotate to non-existent path (IOPATH (negedge S0) Y) of instance testfixture1.u_set.U688 of module CLKMX2X2 <../syn/SET_syn.sdf, line 2615>.
ncelab: *W,SDFNEP: Unable to annotate to non-existent path (IOPATH (posedge S0) Y) of instance testfixture1.u_set.U687 of module CLKMX2X2 <../syn/SET_syn.sdf, line 2628>.
ncelab: *W,SDFNEP: Unable to annotate to non-existent path (IOPATH (negedge S0) Y) of instance testfixture1.u_set.U687 of module CLKMX2X2 <../syn/SET_syn.sdf, line 2629>.
ncelab: *W,SDFNEP: Unable to annotate to non-existent path (IOPATH (posedge S0) Y) of instance testfixture1.u_set.U686 of module CLKMX2X2 <../syn/SET_syn.sdf, line 2642>.
ncelab: *W,SDFNEP: Unable to annotate to non-existent path (IOPATH (negedge S0) Y) of instance testfixture1.u_set.U686 of module CLKMX2X2 <../syn/SET_syn.sdf, line 2643>.
ncelab: *W,SDFNEP: Unable to annotate to non-existent path (IOPATH (posedge S0) Y) of instance testfixture1.u_set.U685 of module CLKMX2X2 <../syn/SET_syn.sdf, line 2656>.
ncelab: *W,SDFNEP: Unable to annotate to non-existent path (IOPATH (negedge S0) Y) of instance testfixture1.u_set.U685 of module CLKMX2X2 <../syn/SET_syn.sdf, line 2657>.
ncelab: *W,SDFNEP: Unable to annotate to non-existent path (IOPATH (posedge S0) Y) of instance testfixture1.u_set.U684 of module CLKMX2X2 <../syn/SET_syn.sdf, line 2670>.
ncelab: *W,SDFNEP: Unable to annotate to non-existent path (IOPATH (negedge S0) Y) of instance testfixture1.u_set.U684 of module CLKMX2X2 <../syn/SET_syn.sdf, line 2671>.
ncelab: *W,SDFNEP: Unable to annotate to non-existent path (IOPATH (posedge S0) Y) of instance testfixture1.u_set.U683 of module CLKMX2X2 <../syn/SET_syn.sdf, line 2684>.
ncelab: *W,SDFNEP: Unable to annotate to non-existent path (IOPATH (negedge S0) Y) of instance testfixture1.u_set.U683 of module CLKMX2X2 <../syn/SET_syn.sdf, line 2685>.
ncelab: *W,SDFNEP: Unable to annotate to non-existent path (IOPATH (posedge S0) Y) of instance testfixture1.u_set.U682 of module CLKMX2X2 <../syn/SET_syn.sdf, line 2698>.
ncelab: *W,SDFNEP: Unable to annotate to non-existent path (IOPATH (negedge S0) Y) of instance testfixture1.u_set.U682 of module CLKMX2X2 <../syn/SET_syn.sdf, line 2699>.
ncelab: *W,SDFNEP: Unable to annotate to non-existent path (IOPATH (posedge S0) Y) of instance testfixture1.u_set.U681 of module CLKMX2X2 <../syn/SET_syn.sdf, line 2712>.
ncelab: *W,SDFNEP: Unable to annotate to non-existent path (IOPATH (negedge S0) Y) of instance testfixture1.u_set.U681 of module CLKMX2X2 <../syn/SET_syn.sdf, line 2713>.
ncelab: *W,SDFNEP: Unable to annotate to non-existent path (IOPATH (posedge S0) Y) of instance testfixture1.u_set.U680 of module CLKMX2X2 <../syn/SET_syn.sdf, line 2726>.
ncelab: *W,SDFNEP: Unable to annotate to non-existent path (IOPATH (negedge S0) Y) of instance testfixture1.u_set.U680 of module CLKMX2X2 <../syn/SET_syn.sdf, line 2727>.
ncelab: *W,SDFNEP: Unable to annotate to non-existent path (IOPATH (posedge S0) Y) of instance testfixture1.u_set.U674 of module MXI2X1 <../syn/SET_syn.sdf, line 2790>.
ncelab: *W,SDFNEP: Unable to annotate to non-existent path (IOPATH (negedge S0) Y) of instance testfixture1.u_set.U674 of module MXI2X1 <../syn/SET_syn.sdf, line 2791>.
ncelab: *W,SDFNEP: Unable to annotate to non-existent path (IOPATH (posedge S0) Y) of instance testfixture1.u_set.U671 of module MXI2X1 <../syn/SET_syn.sdf, line 2824>.
ncelab: *W,SDFNEP: Unable to annotate to non-existent path (IOPATH (negedge S0) Y) of instance testfixture1.u_set.U671 of module MXI2X1 <../syn/SET_syn.sdf, line 2825>.
ncelab: *W,SDFNEP: Unable to annotate to non-existent path (IOPATH (posedge S0) Y) of instance testfixture1.u_set.U666 of module MXI2X1 <../syn/SET_syn.sdf, line 2876>.
ncelab: *W,SDFNEP: Unable to annotate to non-existent path (IOPATH (negedge S0) Y) of instance testfixture1.u_set.U666 of module MXI2X1 <../syn/SET_syn.sdf, line 2877>.
ncelab: *W,SDFNEP: Unable to annotate to non-existent path (IOPATH (posedge S0) Y) of instance testfixture1.u_set.U664 of module MXI2X1 <../syn/SET_syn.sdf, line 2901>.
ncelab: *W,SDFNEP: Unable to annotate to non-existent path (IOPATH (negedge S0) Y) of instance testfixture1.u_set.U664 of module MXI2X1 <../syn/SET_syn.sdf, line 2902>.
ncelab: *W,SDFNEP: Unable to annotate to non-existent path (IOPATH (posedge A) Y) of instance testfixture1.u_set.U657 of module XNOR2X1 <../syn/SET_syn.sdf, line 2980>.
ncelab: *W,SDFNEP: Unable to annotate to non-existent path (IOPATH (negedge A) Y) of instance testfixture1.u_set.U657 of module XNOR2X1 <../syn/SET_syn.sdf, line 2981>.
ncelab: *W,SDFNEP: Unable to annotate to non-existent path (IOPATH (posedge B) Y) of instance testfixture1.u_set.U657 of module XNOR2X1 <../syn/SET_syn.sdf, line 2984>.
ncelab: *W,SDFNEP: Unable to annotate to non-existent path (IOPATH (negedge B) Y) of instance testfixture1.u_set.U657 of module XNOR2X1 <../syn/SET_syn.sdf, line 2985>.
ncelab: *W,SDFNEP: Unable to annotate to non-existent path (IOPATH (posedge A) Y) of instance testfixture1.u_set.U651 of module XNOR2X1 <../syn/SET_syn.sdf, line 3052>.
ncelab: *W,SDFNEP: Unable to annotate to non-existent path (IOPATH (negedge A) Y) of instance testfixture1.u_set.U651 of module XNOR2X1 <../syn/SET_syn.sdf, line 3053>.
ncelab: *W,SDFNEP: Unable to annotate to non-existent path (IOPATH (posedge B) Y) of instance testfixture1.u_set.U651 of module XNOR2X1 <../syn/SET_syn.sdf, line 3056>.
ncelab: *W,SDFNEP: Unable to annotate to non-existent path (IOPATH (negedge B) Y) of instance testfixture1.u_set.U651 of module XNOR2X1 <../syn/SET_syn.sdf, line 3057>.
ncelab: *W,SDFNEP: Unable to annotate to non-existent path (IOPATH (posedge A) Y) of instance testfixture1.u_set.U645 of module XNOR2X1 <../syn/SET_syn.sdf, line 3124>.
ncelab: *W,SDFNEP: Unable to annotate to non-existent path (IOPATH (negedge A) Y) of instance testfixture1.u_set.U645 of module XNOR2X1 <../syn/SET_syn.sdf, line 3125>.
ncelab: *W,SDFNEP: Unable to annotate to non-existent path (IOPATH (posedge B) Y) of instance testfixture1.u_set.U645 of module XNOR2X1 <../syn/SET_syn.sdf, line 3128>.
ncelab: *W,SDFNEP: Unable to annotate to non-existent path (IOPATH (negedge B) Y) of instance testfixture1.u_set.U645 of module XNOR2X1 <../syn/SET_syn.sdf, line 3129>.
ncelab: *W,SDFNEP: Unable to annotate to non-existent path (IOPATH (posedge A) Y) of instance testfixture1.u_set.U643 of module XOR2X1 <../syn/SET_syn.sdf, line 3154>.
ncelab: *W,SDFNEP: Unable to annotate to non-existent path (IOPATH (negedge A) Y) of instance testfixture1.u_set.U643 of module XOR2X1 <../syn/SET_syn.sdf, line 3155>.
ncelab: *W,SDFNEP: Unable to annotate to non-existent path (IOPATH (posedge B) Y) of instance testfixture1.u_set.U643 of module XOR2X1 <../syn/SET_syn.sdf, line 3158>.
ncelab: *W,SDFNEP: Unable to annotate to non-existent path (IOPATH (negedge B) Y) of instance testfixture1.u_set.U643 of module XOR2X1 <../syn/SET_syn.sdf, line 3159>.
ncelab: *W,SDFNEP: Unable to annotate to non-existent path (IOPATH (posedge A) Y) of instance testfixture1.u_set.U642 of module XOR2X1 <../syn/SET_syn.sdf, line 3170>.
ncelab: *W,SDFNEP: Unable to annotate to non-existent path (IOPATH (negedge A) Y) of instance testfixture1.u_set.U642 of module XOR2X1 <../syn/SET_syn.sdf, line 3171>.
ncelab: *W,SDFNEP: Unable to annotate to non-existent path (IOPATH (posedge B) Y) of instance testfixture1.u_set.U642 of module XOR2X1 <../syn/SET_syn.sdf, line 3174>.
ncelab: *W,SDFNEP: Unable to annotate to non-existent path (IOPATH (negedge B) Y) of instance testfixture1.u_set.U642 of module XOR2X1 <../syn/SET_syn.sdf, line 3175>.
ncelab: *W,SDFNEP: Unable to annotate to non-existent path (IOPATH (posedge A) Y) of instance testfixture1.u_set.U641 of module XOR2X1 <../syn/SET_syn.sdf, line 3186>.
ncelab: *W,SDFNEP: Unable to annotate to non-existent path (IOPATH (negedge A) Y) of instance testfixture1.u_set.U641 of module XOR2X1 <../syn/SET_syn.sdf, line 3187>.
ncelab: *W,SDFNEP: Unable to annotate to non-existent path (IOPATH (posedge B) Y) of instance testfixture1.u_set.U641 of module XOR2X1 <../syn/SET_syn.sdf, line 3190>.
ncelab: *W,SDFNEP: Unable to annotate to non-existent path (IOPATH (negedge B) Y) of instance testfixture1.u_set.U641 of module XOR2X1 <../syn/SET_syn.sdf, line 3191>.
ncelab: *W,SDFNEP: Unable to annotate to non-existent path (IOPATH (posedge S0) Y) of instance testfixture1.u_set.U639 of module MXI2X1 <../syn/SET_syn.sdf, line 3218>.
ncelab: *W,SDFNEP: Unable to annotate to non-existent path (IOPATH (negedge S0) Y) of instance testfixture1.u_set.U639 of module MXI2X1 <../syn/SET_syn.sdf, line 3219>.
ncelab: *W,SDFNEP: Unable to annotate to non-existent path (IOPATH (posedge A) Y) of instance testfixture1.u_set.U637 of module XNOR2X1 <../syn/SET_syn.sdf, line 3241>.
ncelab: *W,SDFNEP: Unable to annotate to non-existent path (IOPATH (negedge A) Y) of instance testfixture1.u_set.U637 of module XNOR2X1 <../syn/SET_syn.sdf, line 3242>.
ncelab: *W,SDFNEP: Unable to annotate to non-existent path (IOPATH (posedge B) Y) of instance testfixture1.u_set.U637 of module XNOR2X1 <../syn/SET_syn.sdf, line 3245>.
ncelab: *W,SDFNEP: Unable to annotate to non-existent path (IOPATH (negedge B) Y) of instance testfixture1.u_set.U637 of module XNOR2X1 <../syn/SET_syn.sdf, line 3246>.
ncelab: *W,SDFNEP: Unable to annotate to non-existent path (IOPATH (posedge A) Y) of instance testfixture1.u_set.U636 of module XNOR2X1 <../syn/SET_syn.sdf, line 3257>.
ncelab: *W,SDFNEP: Unable to annotate to non-existent path (IOPATH (negedge A) Y) of instance testfixture1.u_set.U636 of module XNOR2X1 <../syn/SET_syn.sdf, line 3258>.
ncelab: *W,SDFNEP: Unable to annotate to non-existent path (IOPATH (posedge B) Y) of instance testfixture1.u_set.U636 of module XNOR2X1 <../syn/SET_syn.sdf, line 3261>.
ncelab: *W,SDFNEP: Unable to annotate to non-existent path (IOPATH (negedge B) Y) of instance testfixture1.u_set.U636 of module XNOR2X1 <../syn/SET_syn.sdf, line 3262>.
ncelab: *W,SDFNEP: Unable to annotate to non-existent path (IOPATH (posedge A) Y) of instance testfixture1.u_set.U635 of module XNOR2X1 <../syn/SET_syn.sdf, line 3273>.
ncelab: *W,SDFNEP: Unable to annotate to non-existent path (IOPATH (negedge A) Y) of instance testfixture1.u_set.U635 of module XNOR2X1 <../syn/SET_syn.sdf, line 3274>.
ncelab: *W,SDFNEP: Unable to annotate to non-existent path (IOPATH (posedge B) Y) of instance testfixture1.u_set.U635 of module XNOR2X1 <../syn/SET_syn.sdf, line 3277>.
ncelab: *W,SDFNEP: Unable to annotate to non-existent path (IOPATH (negedge B) Y) of instance testfixture1.u_set.U635 of module XNOR2X1 <../syn/SET_syn.sdf, line 3278>.
ncelab: *W,SDFNEP: Unable to annotate to non-existent path (IOPATH (posedge A) Y) of instance testfixture1.u_set.U633 of module XNOR2X1 <../syn/SET_syn.sdf, line 3303>.
ncelab: *W,SDFNEP: Unable to annotate to non-existent path (IOPATH (negedge A) Y) of instance testfixture1.u_set.U633 of module XNOR2X1 <../syn/SET_syn.sdf, line 3304>.
ncelab: *W,SDFNEP: Unable to annotate to non-existent path (IOPATH (posedge B) Y) of instance testfixture1.u_set.U633 of module XNOR2X1 <../syn/SET_syn.sdf, line 3307>.
ncelab: *W,SDFNEP: Unable to annotate to non-existent path (IOPATH (negedge B) Y) of instance testfixture1.u_set.U633 of module XNOR2X1 <../syn/SET_syn.sdf, line 3308>.
ncelab: *W,SDFNEP: Unable to annotate to non-existent path (IOPATH (posedge A) Y) of instance testfixture1.u_set.U632 of module XNOR2X1 <../syn/SET_syn.sdf, line 3319>.
ncelab: *W,SDFNEP: Unable to annotate to non-existent path (IOPATH (negedge A) Y) of instance testfixture1.u_set.U632 of module XNOR2X1 <../syn/SET_syn.sdf, line 3320>.
ncelab: *W,SDFNEP: Unable to annotate to non-existent path (IOPATH (posedge B) Y) of instance testfixture1.u_set.U632 of module XNOR2X1 <../syn/SET_syn.sdf, line 3323>.
ncelab: *W,SDFNEP: Unable to annotate to non-existent path (IOPATH (negedge B) Y) of instance testfixture1.u_set.U632 of module XNOR2X1 <../syn/SET_syn.sdf, line 3324>.
ncelab: *W,SDFNEP: Unable to annotate to non-existent path (IOPATH (posedge A) Y) of instance testfixture1.u_set.U631 of module XNOR2X1 <../syn/SET_syn.sdf, line 3335>.
ncelab: *W,SDFNEP: Unable to annotate to non-existent path (IOPATH (negedge A) Y) of instance testfixture1.u_set.U631 of module XNOR2X1 <../syn/SET_syn.sdf, line 3336>.
ncelab: *W,SDFNEP: Unable to annotate to non-existent path (IOPATH (posedge B) Y) of instance testfixture1.u_set.U631 of module XNOR2X1 <../syn/SET_syn.sdf, line 3339>.
ncelab: *W,SDFNEP: Unable to annotate to non-existent path (IOPATH (negedge B) Y) of instance testfixture1.u_set.U631 of module XNOR2X1 <../syn/SET_syn.sdf, line 3340>.
ncelab: *W,SDFNEP: Unable to annotate to non-existent path (IOPATH (posedge S0) Y) of instance testfixture1.u_set.U629 of module MXI2X1 <../syn/SET_syn.sdf, line 3367>.
ncelab: *W,SDFNEP: Unable to annotate to non-existent path (IOPATH (negedge S0) Y) of instance testfixture1.u_set.U629 of module MXI2X1 <../syn/SET_syn.sdf, line 3368>.
ncelab: *W,SDFNEP: Unable to annotate to non-existent path (IOPATH (posedge S0) Y) of instance testfixture1.u_set.U625 of module MXI2X1 <../syn/SET_syn.sdf, line 3412>.
ncelab: *W,SDFNEP: Unable to annotate to non-existent path (IOPATH (negedge S0) Y) of instance testfixture1.u_set.U625 of module MXI2X1 <../syn/SET_syn.sdf, line 3413>.
ncelab: *W,SDFNEP: Unable to annotate to non-existent path (IOPATH (posedge S0) Y) of instance testfixture1.u_set.U621 of module MXI2X1 <../syn/SET_syn.sdf, line 3455>.
ncelab: *W,SDFNEP: Unable to annotate to non-existent path (IOPATH (negedge S0) Y) of instance testfixture1.u_set.U621 of module MXI2X1 <../syn/SET_syn.sdf, line 3456>.
ncelab: *W,SDFNEP: Unable to annotate to non-existent path (IOPATH (posedge S0) Y) of instance testfixture1.u_set.U618 of module MXI2X1 <../syn/SET_syn.sdf, line 3489>.
ncelab: *W,SDFNEP: Unable to annotate to non-existent path (IOPATH (negedge S0) Y) of instance testfixture1.u_set.U618 of module MXI2X1 <../syn/SET_syn.sdf, line 3490>.
ncelab: *W,SDFNEP: Unable to annotate to non-existent path (IOPATH (posedge S0) Y) of instance testfixture1.u_set.U616 of module MXI2X1 <../syn/SET_syn.sdf, line 3514>.
ncelab: *W,SDFNEP: Unable to annotate to non-existent path (IOPATH (negedge S0) Y) of instance testfixture1.u_set.U616 of module MXI2X1 <../syn/SET_syn.sdf, line 3515>.
ncelab: *W,SDFNEP: Unable to annotate to non-existent path (IOPATH (posedge S0) Y) of instance testfixture1.u_set.U615 of module MXI2X1 <../syn/SET_syn.sdf, line 3528>.
ncelab: *W,SDFNEP: Unable to annotate to non-existent path (IOPATH (negedge S0) Y) of instance testfixture1.u_set.U615 of module MXI2X1 <../syn/SET_syn.sdf, line 3529>.
ncelab: *W,SDFNEP: Unable to annotate to non-existent path (IOPATH (posedge S0) Y) of instance testfixture1.u_set.U614 of module MXI2X1 <../syn/SET_syn.sdf, line 3542>.
ncelab: *W,SDFNEP: Unable to annotate to non-existent path (IOPATH (negedge S0) Y) of instance testfixture1.u_set.U614 of module MXI2X1 <../syn/SET_syn.sdf, line 3543>.
ncelab: *W,SDFNEP: Unable to annotate to non-existent path (IOPATH (posedge S0) Y) of instance testfixture1.u_set.U612 of module MXI2X1 <../syn/SET_syn.sdf, line 3567>.
ncelab: *W,SDFNEP: Unable to annotate to non-existent path (IOPATH (negedge S0) Y) of instance testfixture1.u_set.U612 of module MXI2X1 <../syn/SET_syn.sdf, line 3568>.
ncelab: *W,SDFNEP: Unable to annotate to non-existent path (IOPATH (posedge S0) Y) of instance testfixture1.u_set.U600 of module MXI2X1 <../syn/SET_syn.sdf, line 3704>.
ncelab: *W,SDFNEP: Unable to annotate to non-existent path (IOPATH (negedge S0) Y) of instance testfixture1.u_set.U600 of module MXI2X1 <../syn/SET_syn.sdf, line 3705>.
ncelab: *W,SDFNEP: Unable to annotate to non-existent path (IOPATH (posedge A) Y) of instance testfixture1.u_set.U581 of module XOR2X1 <../syn/SET_syn.sdf, line 3925>.
ncelab: *W,SDFNEP: Unable to annotate to non-existent path (IOPATH (negedge A) Y) of instance testfixture1.u_set.U581 of module XOR2X1 <../syn/SET_syn.sdf, line 3926>.
ncelab: *W,SDFNEP: Unable to annotate to non-existent path (IOPATH (posedge B) Y) of instance testfixture1.u_set.U581 of module XOR2X1 <../syn/SET_syn.sdf, line 3929>.
ncelab: *W,SDFNEP: Unable to annotate to non-existent path (IOPATH (negedge B) Y) of instance testfixture1.u_set.U581 of module XOR2X1 <../syn/SET_syn.sdf, line 3930>.
ncelab: *W,SDFNEP: Unable to annotate to non-existent path (IOPATH (posedge A) Y) of instance testfixture1.u_set.U575 of module XOR2X1 <../syn/SET_syn.sdf, line 3997>.
ncelab: *W,SDFNEP: Unable to annotate to non-existent path (IOPATH (negedge A) Y) of instance testfixture1.u_set.U575 of module XOR2X1 <../syn/SET_syn.sdf, line 3998>.
ncelab: *W,SDFNEP: Unable to annotate to non-existent path (IOPATH (posedge B) Y) of instance testfixture1.u_set.U575 of module XOR2X1 <../syn/SET_syn.sdf, line 4001>.
ncelab: *W,SDFNEP: Unable to annotate to non-existent path (IOPATH (negedge B) Y) of instance testfixture1.u_set.U575 of module XOR2X1 <../syn/SET_syn.sdf, line 4002>.
ncelab: *W,SDFNEP: Unable to annotate to non-existent path (IOPATH (posedge A) Y) of instance testfixture1.u_set.U569 of module XOR2X1 <../syn/SET_syn.sdf, line 4069>.
ncelab: *W,SDFNEP: Unable to annotate to non-existent path (IOPATH (negedge A) Y) of instance testfixture1.u_set.U569 of module XOR2X1 <../syn/SET_syn.sdf, line 4070>.
ncelab: *W,SDFNEP: Unable to annotate to non-existent path (IOPATH (posedge B) Y) of instance testfixture1.u_set.U569 of module XOR2X1 <../syn/SET_syn.sdf, line 4073>.
ncelab: *W,SDFNEP: Unable to annotate to non-existent path (IOPATH (negedge B) Y) of instance testfixture1.u_set.U569 of module XOR2X1 <../syn/SET_syn.sdf, line 4074>.
ncelab: *W,SDFNEP: Unable to annotate to non-existent path (IOPATH (posedge A) Y) of instance testfixture1.u_set.U567 of module XNOR2X1 <../syn/SET_syn.sdf, line 4099>.
ncelab: *W,SDFNEP: Unable to annotate to non-existent path (IOPATH (negedge A) Y) of instance testfixture1.u_set.U567 of module XNOR2X1 <../syn/SET_syn.sdf, line 4100>.
ncelab: *W,SDFNEP: Unable to annotate to non-existent path (IOPATH (posedge B) Y) of instance testfixture1.u_set.U567 of module XNOR2X1 <../syn/SET_syn.sdf, line 4103>.
ncelab: *W,SDFNEP: Unable to annotate to non-existent path (IOPATH (negedge B) Y) of instance testfixture1.u_set.U567 of module XNOR2X1 <../syn/SET_syn.sdf, line 4104>.
ncelab: *W,SDFNEP: Unable to annotate to non-existent path (IOPATH (posedge A) Y) of instance testfixture1.u_set.U566 of module XNOR2X1 <../syn/SET_syn.sdf, line 4115>.
ncelab: *W,SDFNEP: Unable to annotate to non-existent path (IOPATH (negedge A) Y) of instance testfixture1.u_set.U566 of module XNOR2X1 <../syn/SET_syn.sdf, line 4116>.
ncelab: *W,SDFNEP: Unable to annotate to non-existent path (IOPATH (posedge B) Y) of instance testfixture1.u_set.U566 of module XNOR2X1 <../syn/SET_syn.sdf, line 4119>.
ncelab: *W,SDFNEP: Unable to annotate to non-existent path (IOPATH (negedge B) Y) of instance testfixture1.u_set.U566 of module XNOR2X1 <../syn/SET_syn.sdf, line 4120>.
ncelab: *W,SDFNEP: Unable to annotate to non-existent path (IOPATH (posedge A) Y) of instance testfixture1.u_set.U565 of module XNOR2X1 <../syn/SET_syn.sdf, line 4131>.
ncelab: *W,SDFNEP: Unable to annotate to non-existent path (IOPATH (negedge A) Y) of instance testfixture1.u_set.U565 of module XNOR2X1 <../syn/SET_syn.sdf, line 4132>.
ncelab: *W,SDFNEP: Unable to annotate to non-existent path (IOPATH (posedge B) Y) of instance testfixture1.u_set.U565 of module XNOR2X1 <../syn/SET_syn.sdf, line 4135>.
ncelab: *W,SDFNEP: Unable to annotate to non-existent path (IOPATH (negedge B) Y) of instance testfixture1.u_set.U565 of module XNOR2X1 <../syn/SET_syn.sdf, line 4136>.
ncelab: *W,SDFNEP: Unable to annotate to non-existent path (IOPATH (posedge S0) Y) of instance testfixture1.u_set.U563 of module MXI2X1 <../syn/SET_syn.sdf, line 4163>.
ncelab: *W,SDFNEP: Unable to annotate to non-existent path (IOPATH (negedge S0) Y) of instance testfixture1.u_set.U563 of module MXI2X1 <../syn/SET_syn.sdf, line 4164>.
ncelab: *W,SDFNEP: Unable to annotate to non-existent path (IOPATH (posedge A) Y) of instance testfixture1.u_set.U561 of module XNOR2X1 <../syn/SET_syn.sdf, line 4186>.
ncelab: *W,SDFNEP: Unable to annotate to non-existent path (IOPATH (negedge A) Y) of instance testfixture1.u_set.U561 of module XNOR2X1 <../syn/SET_syn.sdf, line 4187>.
ncelab: *W,SDFNEP: Unable to annotate to non-existent path (IOPATH (posedge B) Y) of instance testfixture1.u_set.U561 of module XNOR2X1 <../syn/SET_syn.sdf, line 4190>.
ncelab: *W,SDFNEP: Unable to annotate to non-existent path (IOPATH (negedge B) Y) of instance testfixture1.u_set.U561 of module XNOR2X1 <../syn/SET_syn.sdf, line 4191>.
ncelab: *W,SDFNEP: Unable to annotate to non-existent path (IOPATH (posedge A) Y) of instance testfixture1.u_set.U560 of module XNOR2X1 <../syn/SET_syn.sdf, line 4202>.
ncelab: *W,SDFNEP: Unable to annotate to non-existent path (IOPATH (negedge A) Y) of instance testfixture1.u_set.U560 of module XNOR2X1 <../syn/SET_syn.sdf, line 4203>.
ncelab: *W,SDFNEP: Unable to annotate to non-existent path (IOPATH (posedge B) Y) of instance testfixture1.u_set.U560 of module XNOR2X1 <../syn/SET_syn.sdf, line 4206>.
ncelab: *W,SDFNEP: Unable to annotate to non-existent path (IOPATH (negedge B) Y) of instance testfixture1.u_set.U560 of module XNOR2X1 <../syn/SET_syn.sdf, line 4207>.
ncelab: *W,SDFNEP: Unable to annotate to non-existent path (IOPATH (posedge A) Y) of instance testfixture1.u_set.U559 of module XNOR2X1 <../syn/SET_syn.sdf, line 4218>.
ncelab: *W,SDFNEP: Unable to annotate to non-existent path (IOPATH (negedge A) Y) of instance testfixture1.u_set.U559 of module XNOR2X1 <../syn/SET_syn.sdf, line 4219>.
ncelab: *W,SDFNEP: Unable to annotate to non-existent path (IOPATH (posedge B) Y) of instance testfixture1.u_set.U559 of module XNOR2X1 <../syn/SET_syn.sdf, line 4222>.
ncelab: *W,SDFNEP: Unable to annotate to non-existent path (IOPATH (negedge B) Y) of instance testfixture1.u_set.U559 of module XNOR2X1 <../syn/SET_syn.sdf, line 4223>.
ncelab: *W,SDFNEP: Unable to annotate to non-existent path (IOPATH (posedge A) Y) of instance testfixture1.u_set.U557 of module XNOR2X1 <../syn/SET_syn.sdf, line 4248>.
ncelab: *W,SDFNEP: Unable to annotate to non-existent path (IOPATH (negedge A) Y) of instance testfixture1.u_set.U557 of module XNOR2X1 <../syn/SET_syn.sdf, line 4249>.
ncelab: *W,SDFNEP: Unable to annotate to non-existent path (IOPATH (posedge B) Y) of instance testfixture1.u_set.U557 of module XNOR2X1 <../syn/SET_syn.sdf, line 4252>.
ncelab: *W,SDFNEP: Unable to annotate to non-existent path (IOPATH (negedge B) Y) of instance testfixture1.u_set.U557 of module XNOR2X1 <../syn/SET_syn.sdf, line 4253>.
ncelab: *W,SDFNEP: Unable to annotate to non-existent path (IOPATH (posedge A) Y) of instance testfixture1.u_set.U556 of module XNOR2X1 <../syn/SET_syn.sdf, line 4264>.
ncelab: *W,SDFNEP: Unable to annotate to non-existent path (IOPATH (negedge A) Y) of instance testfixture1.u_set.U556 of module XNOR2X1 <../syn/SET_syn.sdf, line 4265>.
ncelab: *W,SDFNEP: Unable to annotate to non-existent path (IOPATH (posedge B) Y) of instance testfixture1.u_set.U556 of module XNOR2X1 <../syn/SET_syn.sdf, line 4268>.
ncelab: *W,SDFNEP: Unable to annotate to non-existent path (IOPATH (negedge B) Y) of instance testfixture1.u_set.U556 of module XNOR2X1 <../syn/SET_syn.sdf, line 4269>.
ncelab: *W,SDFNEP: Unable to annotate to non-existent path (IOPATH (posedge A) Y) of instance testfixture1.u_set.U555 of module XNOR2X1 <../syn/SET_syn.sdf, line 4280>.
ncelab: *W,SDFNEP: Unable to annotate to non-existent path (IOPATH (negedge A) Y) of instance testfixture1.u_set.U555 of module XNOR2X1 <../syn/SET_syn.sdf, line 4281>.
ncelab: *W,SDFNEP: Unable to annotate to non-existent path (IOPATH (posedge B) Y) of instance testfixture1.u_set.U555 of module XNOR2X1 <../syn/SET_syn.sdf, line 4284>.
ncelab: *W,SDFNEP: Unable to annotate to non-existent path (IOPATH (negedge B) Y) of instance testfixture1.u_set.U555 of module XNOR2X1 <../syn/SET_syn.sdf, line 4285>.
ncelab: *W,SDFNEP: Unable to annotate to non-existent path (IOPATH (posedge S0) Y) of instance testfixture1.u_set.U553 of module MXI2X1 <../syn/SET_syn.sdf, line 4312>.
ncelab: *W,SDFNEP: Unable to annotate to non-existent path (IOPATH (negedge S0) Y) of instance testfixture1.u_set.U553 of module MXI2X1 <../syn/SET_syn.sdf, line 4313>.
ncelab: *W,SDFNEP: Unable to annotate to non-existent path (IOPATH (posedge S0) Y) of instance testfixture1.u_set.U549 of module MXI2X1 <../syn/SET_syn.sdf, line 4357>.
ncelab: *W,SDFNEP: Unable to annotate to non-existent path (IOPATH (negedge S0) Y) of instance testfixture1.u_set.U549 of module MXI2X1 <../syn/SET_syn.sdf, line 4358>.
ncelab: *W,SDFNEP: Unable to annotate to non-existent path (IOPATH (posedge S0) Y) of instance testfixture1.u_set.U546 of module MXI2X1 <../syn/SET_syn.sdf, line 4391>.
ncelab: *W,SDFNEP: Unable to annotate to non-existent path (IOPATH (negedge S0) Y) of instance testfixture1.u_set.U546 of module MXI2X1 <../syn/SET_syn.sdf, line 4392>.
ncelab: *W,SDFNEP: Unable to annotate to non-existent path (IOPATH (posedge S0) Y) of instance testfixture1.u_set.U543 of module MXI2X1 <../syn/SET_syn.sdf, line 4425>.
ncelab: *W,SDFNEP: Unable to annotate to non-existent path (IOPATH (negedge S0) Y) of instance testfixture1.u_set.U543 of module MXI2X1 <../syn/SET_syn.sdf, line 4426>.
ncelab: *W,SDFNEP: Unable to annotate to non-existent path (IOPATH (posedge S0) Y) of instance testfixture1.u_set.U541 of module MXI2X1 <../syn/SET_syn.sdf, line 4450>.
ncelab: *W,SDFNEP: Unable to annotate to non-existent path (IOPATH (negedge S0) Y) of instance testfixture1.u_set.U541 of module MXI2X1 <../syn/SET_syn.sdf, line 4451>.
ncelab: *W,SDFNEP: Unable to annotate to non-existent path (IOPATH (posedge S0) Y) of instance testfixture1.u_set.U540 of module MXI2X1 <../syn/SET_syn.sdf, line 4464>.
ncelab: *W,SDFNEP: Unable to annotate to non-existent path (IOPATH (negedge S0) Y) of instance testfixture1.u_set.U540 of module MXI2X1 <../syn/SET_syn.sdf, line 4465>.
ncelab: *W,SDFNEP: Unable to annotate to non-existent path (IOPATH (posedge S0) Y) of instance testfixture1.u_set.U539 of module MXI2X1 <../syn/SET_syn.sdf, line 4478>.
ncelab: *W,SDFNEP: Unable to annotate to non-existent path (IOPATH (negedge S0) Y) of instance testfixture1.u_set.U539 of module MXI2X1 <../syn/SET_syn.sdf, line 4479>.
ncelab: *W,SDFNEP: Unable to annotate to non-existent path (IOPATH (posedge S0) Y) of instance testfixture1.u_set.U537 of module MXI2X1 <../syn/SET_syn.sdf, line 4503>.
ncelab: *W,SDFNEP: Unable to annotate to non-existent path (IOPATH (negedge S0) Y) of instance testfixture1.u_set.U537 of module MXI2X1 <../syn/SET_syn.sdf, line 4504>.
ncelab: *W,SDFNEP: Unable to annotate to non-existent path (IOPATH (posedge S0) Y) of instance testfixture1.u_set.U531 of module MXI2X1 <../syn/SET_syn.sdf, line 4576>.
ncelab: *W,SDFNEP: Unable to annotate to non-existent path (IOPATH (negedge S0) Y) of instance testfixture1.u_set.U531 of module MXI2X1 <../syn/SET_syn.sdf, line 4577>.
ncelab: *W,SDFNEP: Unable to annotate to non-existent path (IOPATH (posedge S0) Y) of instance testfixture1.u_set.U529 of module MXI2X1 <../syn/SET_syn.sdf, line 4600>.
ncelab: *W,SDFNEP: Unable to annotate to non-existent path (IOPATH (negedge S0) Y) of instance testfixture1.u_set.U529 of module MXI2X1 <../syn/SET_syn.sdf, line 4601>.
ncelab: *W,SDFNEP: Unable to annotate to non-existent path (IOPATH (posedge A) Y) of instance testfixture1.u_set.U528 of module XNOR2X1 <../syn/SET_syn.sdf, line 4612>.
ncelab: *W,SDFNEP: Unable to annotate to non-existent path (IOPATH (negedge A) Y) of instance testfixture1.u_set.U528 of module XNOR2X1 <../syn/SET_syn.sdf, line 4613>.
ncelab: *W,SDFNEP: Unable to annotate to non-existent path (IOPATH (posedge B) Y) of instance testfixture1.u_set.U528 of module XNOR2X1 <../syn/SET_syn.sdf, line 4616>.
ncelab: *W,SDFNEP: Unable to annotate to non-existent path (IOPATH (negedge B) Y) of instance testfixture1.u_set.U528 of module XNOR2X1 <../syn/SET_syn.sdf, line 4617>.
ncelab: *W,SDFNEP: Unable to annotate to non-existent path (IOPATH (posedge S0) Y) of instance testfixture1.u_set.U524 of module CLKMX2X2 <../syn/SET_syn.sdf, line 4662>.
ncelab: *W,SDFNEP: Unable to annotate to non-existent path (IOPATH (negedge S0) Y) of instance testfixture1.u_set.U524 of module CLKMX2X2 <../syn/SET_syn.sdf, line 4663>.
ncelab: *W,SDFNEP: Unable to annotate to non-existent path (IOPATH (posedge A) Y) of instance testfixture1.u_set.U513 of module XNOR2X1 <../syn/SET_syn.sdf, line 4776>.
ncelab: *W,SDFNEP: Unable to annotate to non-existent path (IOPATH (negedge A) Y) of instance testfixture1.u_set.U513 of module XNOR2X1 <../syn/SET_syn.sdf, line 4777>.
ncelab: *W,SDFNEP: Unable to annotate to non-existent path (IOPATH (posedge B) Y) of instance testfixture1.u_set.U513 of module XNOR2X1 <../syn/SET_syn.sdf, line 4780>.
ncelab: *W,SDFNEP: Unable to annotate to non-existent path (IOPATH (negedge B) Y) of instance testfixture1.u_set.U513 of module XNOR2X1 <../syn/SET_syn.sdf, line 4781>.
ncelab: *W,SDFNEP: Unable to annotate to non-existent path (IOPATH (posedge S0) Y) of instance testfixture1.u_set.U496 of module MXI2X1 <../syn/SET_syn.sdf, line 4965>.
ncelab: *W,SDFNEP: Unable to annotate to non-existent path (IOPATH (negedge S0) Y) of instance testfixture1.u_set.U496 of module MXI2X1 <../syn/SET_syn.sdf, line 4966>.
ncelab: *W,SDFNEP: Unable to annotate to non-existent path (IOPATH (posedge A) Y) of instance testfixture1.u_set.U493 of module XNOR2X1 <../syn/SET_syn.sdf, line 4997>.
ncelab: *W,SDFNEP: Unable to annotate to non-existent path (IOPATH (negedge A) Y) of instance testfixture1.u_set.U493 of module XNOR2X1 <../syn/SET_syn.sdf, line 4998>.
ncelab: *W,SDFNEP: Unable to annotate to non-existent path (IOPATH (posedge B) Y) of instance testfixture1.u_set.U493 of module XNOR2X1 <../syn/SET_syn.sdf, line 5001>.
ncelab: *W,SDFNEP: Unable to annotate to non-existent path (IOPATH (negedge B) Y) of instance testfixture1.u_set.U493 of module XNOR2X1 <../syn/SET_syn.sdf, line 5002>.
ncelab: *W,SDFNEP: Unable to annotate to non-existent path (IOPATH (posedge S0) Y) of instance testfixture1.u_set.U477 of module CLKMX2X2 <../syn/SET_syn.sdf, line 5184>.
ncelab: *W,SDFNEP: Unable to annotate to non-existent path (IOPATH (negedge S0) Y) of instance testfixture1.u_set.U477 of module CLKMX2X2 <../syn/SET_syn.sdf, line 5185>.
ncelab: *W,SDFNEP: Unable to annotate to non-existent path (IOPATH (posedge A) Y) of instance testfixture1.u_set.U474 of module XNOR2X1 <../syn/SET_syn.sdf, line 5216>.
ncelab: *W,SDFNEP: Unable to annotate to non-existent path (IOPATH (negedge A) Y) of instance testfixture1.u_set.U474 of module XNOR2X1 <../syn/SET_syn.sdf, line 5217>.
ncelab: *W,SDFNEP: Unable to annotate to non-existent path (IOPATH (posedge B) Y) of instance testfixture1.u_set.U474 of module XNOR2X1 <../syn/SET_syn.sdf, line 5220>.
ncelab: *W,SDFNEP: Unable to annotate to non-existent path (IOPATH (negedge B) Y) of instance testfixture1.u_set.U474 of module XNOR2X1 <../syn/SET_syn.sdf, line 5221>.
ncelab: *W,SDFNEP: Unable to annotate to non-existent path (IOPATH (posedge S0) Y) of instance testfixture1.u_set.U458 of module CLKMX2X2 <../syn/SET_syn.sdf, line 5403>.
ncelab: *W,SDFNEP: Unable to annotate to non-existent path (IOPATH (negedge S0) Y) of instance testfixture1.u_set.U458 of module CLKMX2X2 <../syn/SET_syn.sdf, line 5404>.
ncelab: *W,SDFNEP: Unable to annotate to non-existent path (IOPATH (posedge S0) Y) of instance testfixture1.u_set.U413 of module MXI2X1 <../syn/SET_syn.sdf, line 5918>.
ncelab: *W,SDFNEP: Unable to annotate to non-existent path (IOPATH (negedge S0) Y) of instance testfixture1.u_set.U413 of module MXI2X1 <../syn/SET_syn.sdf, line 5919>.
ncelab: *W,SDFNEP: Unable to annotate to non-existent path (IOPATH (posedge A) Y) of instance testfixture1.u_set.U412 of module XNOR2X1 <../syn/SET_syn.sdf, line 5930>.
ncelab: *W,SDFNEP: Unable to annotate to non-existent path (IOPATH (negedge A) Y) of instance testfixture1.u_set.U412 of module XNOR2X1 <../syn/SET_syn.sdf, line 5931>.
ncelab: *W,SDFNEP: Unable to annotate to non-existent path (IOPATH (posedge B) Y) of instance testfixture1.u_set.U412 of module XNOR2X1 <../syn/SET_syn.sdf, line 5934>.
ncelab: *W,SDFNEP: Unable to annotate to non-existent path (IOPATH (negedge B) Y) of instance testfixture1.u_set.U412 of module XNOR2X1 <../syn/SET_syn.sdf, line 5935>.
ncelab: *W,SDFNEP: Unable to annotate to non-existent path (IOPATH (posedge A) S) of instance testfixture1.u_set.\mult_288/U2  of module ADDFXL <../syn/SET_syn.sdf, line 8490>.
ncelab: *W,SDFNEP: Unable to annotate to non-existent path (IOPATH (negedge A) S) of instance testfixture1.u_set.\mult_288/U2  of module ADDFXL <../syn/SET_syn.sdf, line 8491>.
ncelab: *W,SDFNEP: Unable to annotate to non-existent path (IOPATH (posedge B) S) of instance testfixture1.u_set.\mult_288/U2  of module ADDFXL <../syn/SET_syn.sdf, line 8496>.
ncelab: *W,SDFNEP: Unable to annotate to non-existent path (IOPATH (negedge B) S) of instance testfixture1.u_set.\mult_288/U2  of module ADDFXL <../syn/SET_syn.sdf, line 8497>.
ncelab: *W,SDFNEP: Unable to annotate to non-existent path (IOPATH (posedge CI) S) of instance testfixture1.u_set.\mult_288/U2  of module ADDFXL <../syn/SET_syn.sdf, line 8500>.
ncelab: *W,SDFNEP: Unable to annotate to non-existent path (IOPATH (negedge CI) S) of instance testfixture1.u_set.\mult_288/U2  of module ADDFXL <../syn/SET_syn.sdf, line 8501>.
ncelab: *W,SDFNEP: Unable to annotate to non-existent path (IOPATH (posedge A) S) of instance testfixture1.u_set.\mult_288/U3  of module ADDFXL <../syn/SET_syn.sdf, line 8521>.
ncelab: *W,SDFNEP: Unable to annotate to non-existent path (IOPATH (negedge A) S) of instance testfixture1.u_set.\mult_288/U3  of module ADDFXL <../syn/SET_syn.sdf, line 8522>.
ncelab: *W,SDFNEP: Unable to annotate to non-existent path (IOPATH (posedge B) S) of instance testfixture1.u_set.\mult_288/U3  of module ADDFXL <../syn/SET_syn.sdf, line 8527>.
ncelab: *W,SDFNEP: Unable to annotate to non-existent path (IOPATH (negedge B) S) of instance testfixture1.u_set.\mult_288/U3  of module ADDFXL <../syn/SET_syn.sdf, line 8528>.
ncelab: *W,SDFNEP: Unable to annotate to non-existent path (IOPATH (posedge CI) S) of instance testfixture1.u_set.\mult_288/U3  of module ADDFXL <../syn/SET_syn.sdf, line 8531>.
ncelab: *W,SDFNEP: Unable to annotate to non-existent path (IOPATH (negedge CI) S) of instance testfixture1.u_set.\mult_288/U3  of module ADDFXL <../syn/SET_syn.sdf, line 8532>.
ncelab: *W,SDFNEP: Unable to annotate to non-existent path (IOPATH (posedge A) S) of instance testfixture1.u_set.\mult_288/U4  of module ADDFXL <../syn/SET_syn.sdf, line 8552>.
ncelab: *W,SDFNEP: Unable to annotate to non-existent path (IOPATH (negedge A) S) of instance testfixture1.u_set.\mult_288/U4  of module ADDFXL <../syn/SET_syn.sdf, line 8553>.
ncelab: *W,SDFNEP: Unable to annotate to non-existent path (IOPATH (posedge B) S) of instance testfixture1.u_set.\mult_288/U4  of module ADDFXL <../syn/SET_syn.sdf, line 8558>.
ncelab: *W,SDFNEP: Unable to annotate to non-existent path (IOPATH (negedge B) S) of instance testfixture1.u_set.\mult_288/U4  of module ADDFXL <../syn/SET_syn.sdf, line 8559>.
ncelab: *W,SDFNEP: Unable to annotate to non-existent path (IOPATH (posedge CI) S) of instance testfixture1.u_set.\mult_288/U4  of module ADDFXL <../syn/SET_syn.sdf, line 8562>.
ncelab: *W,SDFNEP: Unable to annotate to non-existent path (IOPATH (negedge CI) S) of instance testfixture1.u_set.\mult_288/U4  of module ADDFXL <../syn/SET_syn.sdf, line 8563>.
ncelab: *W,SDFNEP: Unable to annotate to non-existent path (IOPATH (posedge A) S) of instance testfixture1.u_set.\mult_288/U5  of module ADDHXL <../syn/SET_syn.sdf, line 8576>.
ncelab: *W,SDFNEP: Unable to annotate to non-existent path (IOPATH (negedge A) S) of instance testfixture1.u_set.\mult_288/U5  of module ADDHXL <../syn/SET_syn.sdf, line 8577>.
ncelab: *W,SDFNEP: Unable to annotate to non-existent path (IOPATH (posedge B) S) of instance testfixture1.u_set.\mult_288/U5  of module ADDHXL <../syn/SET_syn.sdf, line 8580>.
ncelab: *W,SDFNEP: Unable to annotate to non-existent path (IOPATH (negedge B) S) of instance testfixture1.u_set.\mult_288/U5  of module ADDHXL <../syn/SET_syn.sdf, line 8581>.
ncelab: *W,SDFNEP: Unable to annotate to non-existent path (IOPATH (posedge A) S) of instance testfixture1.u_set.\mult_288/U6  of module ADDHXL <../syn/SET_syn.sdf, line 8594>.
ncelab: *W,SDFNEP: Unable to annotate to non-existent path (IOPATH (negedge A) S) of instance testfixture1.u_set.\mult_288/U6  of module ADDHXL <../syn/SET_syn.sdf, line 8595>.
ncelab: *W,SDFNEP: Unable to annotate to non-existent path (IOPATH (posedge B) S) of instance testfixture1.u_set.\mult_288/U6  of module ADDHXL <../syn/SET_syn.sdf, line 8598>.
ncelab: *W,SDFNEP: Unable to annotate to non-existent path (IOPATH (negedge B) S) of instance testfixture1.u_set.\mult_288/U6  of module ADDHXL <../syn/SET_syn.sdf, line 8599>.
ncelab: *W,SDFNEP: Unable to annotate to non-existent path (IOPATH (posedge A) S) of instance testfixture1.u_set.\mult_298/U2  of module ADDFXL <../syn/SET_syn.sdf, line 8619>.
ncelab: *W,SDFNEP: Unable to annotate to non-existent path (IOPATH (negedge A) S) of instance testfixture1.u_set.\mult_298/U2  of module ADDFXL <../syn/SET_syn.sdf, line 8620>.
ncelab: *W,SDFNEP: Unable to annotate to non-existent path (IOPATH (posedge B) S) of instance testfixture1.u_set.\mult_298/U2  of module ADDFXL <../syn/SET_syn.sdf, line 8625>.
ncelab: *W,SDFNEP: Unable to annotate to non-existent path (IOPATH (negedge B) S) of instance testfixture1.u_set.\mult_298/U2  of module ADDFXL <../syn/SET_syn.sdf, line 8626>.
ncelab: *W,SDFNEP: Unable to annotate to non-existent path (IOPATH (posedge CI) S) of instance testfixture1.u_set.\mult_298/U2  of module ADDFXL <../syn/SET_syn.sdf, line 8629>.
ncelab: *W,SDFNEP: Unable to annotate to non-existent path (IOPATH (negedge CI) S) of instance testfixture1.u_set.\mult_298/U2  of module ADDFXL <../syn/SET_syn.sdf, line 8630>.
ncelab: *W,SDFNEP: Unable to annotate to non-existent path (IOPATH (posedge A) S) of instance testfixture1.u_set.\mult_298/U3  of module ADDFXL <../syn/SET_syn.sdf, line 8650>.
ncelab: *W,SDFNEP: Unable to annotate to non-existent path (IOPATH (negedge A) S) of instance testfixture1.u_set.\mult_298/U3  of module ADDFXL <../syn/SET_syn.sdf, line 8651>.
ncelab: *W,SDFNEP: Unable to annotate to non-existent path (IOPATH (posedge B) S) of instance testfixture1.u_set.\mult_298/U3  of module ADDFXL <../syn/SET_syn.sdf, line 8656>.
ncelab: *W,SDFNEP: Unable to annotate to non-existent path (IOPATH (negedge B) S) of instance testfixture1.u_set.\mult_298/U3  of module ADDFXL <../syn/SET_syn.sdf, line 8657>.
ncelab: *W,SDFNEP: Unable to annotate to non-existent path (IOPATH (posedge CI) S) of instance testfixture1.u_set.\mult_298/U3  of module ADDFXL <../syn/SET_syn.sdf, line 8660>.
ncelab: *W,SDFNEP: Unable to annotate to non-existent path (IOPATH (negedge CI) S) of instance testfixture1.u_set.\mult_298/U3  of module ADDFXL <../syn/SET_syn.sdf, line 8661>.
ncelab: *W,SDFNEP: Unable to annotate to non-existent path (IOPATH (posedge A) S) of instance testfixture1.u_set.\mult_298/U4  of module ADDFXL <../syn/SET_syn.sdf, line 8681>.
ncelab: *W,SDFNEP: Unable to annotate to non-existent path (IOPATH (negedge A) S) of instance testfixture1.u_set.\mult_298/U4  of module ADDFXL <../syn/SET_syn.sdf, line 8682>.
ncelab: *W,SDFNEP: Unable to annotate to non-existent path (IOPATH (posedge B) S) of instance testfixture1.u_set.\mult_298/U4  of module ADDFXL <../syn/SET_syn.sdf, line 8687>.
ncelab: *W,SDFNEP: Unable to annotate to non-existent path (IOPATH (negedge B) S) of instance testfixture1.u_set.\mult_298/U4  of module ADDFXL <../syn/SET_syn.sdf, line 8688>.
ncelab: *W,SDFNEP: Unable to annotate to non-existent path (IOPATH (posedge CI) S) of instance testfixture1.u_set.\mult_298/U4  of module ADDFXL <../syn/SET_syn.sdf, line 8691>.
ncelab: *W,SDFNEP: Unable to annotate to non-existent path (IOPATH (negedge CI) S) of instance testfixture1.u_set.\mult_298/U4  of module ADDFXL <../syn/SET_syn.sdf, line 8692>.
ncelab: *W,SDFNEP: Unable to annotate to non-existent path (IOPATH (posedge A) S) of instance testfixture1.u_set.\mult_298/U5  of module ADDHXL <../syn/SET_syn.sdf, line 8705>.
ncelab: *W,SDFNEP: Unable to annotate to non-existent path (IOPATH (negedge A) S) of instance testfixture1.u_set.\mult_298/U5  of module ADDHXL <../syn/SET_syn.sdf, line 8706>.
ncelab: *W,SDFNEP: Unable to annotate to non-existent path (IOPATH (posedge B) S) of instance testfixture1.u_set.\mult_298/U5  of module ADDHXL <../syn/SET_syn.sdf, line 8709>.
ncelab: *W,SDFNEP: Unable to annotate to non-existent path (IOPATH (negedge B) S) of instance testfixture1.u_set.\mult_298/U5  of module ADDHXL <../syn/SET_syn.sdf, line 8710>.
ncelab: *W,SDFNEP: Unable to annotate to non-existent path (IOPATH (posedge A) S) of instance testfixture1.u_set.\mult_298/U6  of module ADDHXL <../syn/SET_syn.sdf, line 8723>.
ncelab: *W,SDFNEP: Unable to annotate to non-existent path (IOPATH (negedge A) S) of instance testfixture1.u_set.\mult_298/U6  of module ADDHXL <../syn/SET_syn.sdf, line 8724>.
ncelab: *W,SDFNEP: Unable to annotate to non-existent path (IOPATH (posedge B) S) of instance testfixture1.u_set.\mult_298/U6  of module ADDHXL <../syn/SET_syn.sdf, line 8727>.
ncelab: *W,SDFNEP: Unable to annotate to non-existent path (IOPATH (negedge B) S) of instance testfixture1.u_set.\mult_298/U6  of module ADDHXL <../syn/SET_syn.sdf, line 8728>.
ncelab: *W,SDFNEP: Unable to annotate to non-existent path (IOPATH (posedge A) S) of instance testfixture1.u_set.\mult_278/U2  of module ADDFXL <../syn/SET_syn.sdf, line 8748>.
ncelab: *W,SDFNEP: Unable to annotate to non-existent path (IOPATH (negedge A) S) of instance testfixture1.u_set.\mult_278/U2  of module ADDFXL <../syn/SET_syn.sdf, line 8749>.
ncelab: *W,SDFNEP: Unable to annotate to non-existent path (IOPATH (posedge B) S) of instance testfixture1.u_set.\mult_278/U2  of module ADDFXL <../syn/SET_syn.sdf, line 8754>.
ncelab: *W,SDFNEP: Unable to annotate to non-existent path (IOPATH (negedge B) S) of instance testfixture1.u_set.\mult_278/U2  of module ADDFXL <../syn/SET_syn.sdf, line 8755>.
ncelab: *W,SDFNEP: Unable to annotate to non-existent path (IOPATH (posedge CI) S) of instance testfixture1.u_set.\mult_278/U2  of module ADDFXL <../syn/SET_syn.sdf, line 8758>.
ncelab: *W,SDFNEP: Unable to annotate to non-existent path (IOPATH (negedge CI) S) of instance testfixture1.u_set.\mult_278/U2  of module ADDFXL <../syn/SET_syn.sdf, line 8759>.
ncelab: *W,SDFNEP: Unable to annotate to non-existent path (IOPATH (posedge A) S) of instance testfixture1.u_set.\mult_278/U3  of module ADDFXL <../syn/SET_syn.sdf, line 8779>.
ncelab: *W,SDFNEP: Unable to annotate to non-existent path (IOPATH (negedge A) S) of instance testfixture1.u_set.\mult_278/U3  of module ADDFXL <../syn/SET_syn.sdf, line 8780>.
ncelab: *W,SDFNEP: Unable to annotate to non-existent path (IOPATH (posedge B) S) of instance testfixture1.u_set.\mult_278/U3  of module ADDFXL <../syn/SET_syn.sdf, line 8785>.
ncelab: *W,SDFNEP: Unable to annotate to non-existent path (IOPATH (negedge B) S) of instance testfixture1.u_set.\mult_278/U3  of module ADDFXL <../syn/SET_syn.sdf, line 8786>.
ncelab: *W,SDFNEP: Unable to annotate to non-existent path (IOPATH (posedge CI) S) of instance testfixture1.u_set.\mult_278/U3  of module ADDFXL <../syn/SET_syn.sdf, line 8789>.
ncelab: *W,SDFNEP: Unable to annotate to non-existent path (IOPATH (negedge CI) S) of instance testfixture1.u_set.\mult_278/U3  of module ADDFXL <../syn/SET_syn.sdf, line 8790>.
ncelab: *W,SDFNEP: Unable to annotate to non-existent path (IOPATH (posedge A) S) of instance testfixture1.u_set.\mult_278/U4  of module ADDFXL <../syn/SET_syn.sdf, line 8810>.
ncelab: *W,SDFNEP: Unable to annotate to non-existent path (IOPATH (negedge A) S) of instance testfixture1.u_set.\mult_278/U4  of module ADDFXL <../syn/SET_syn.sdf, line 8811>.
ncelab: *W,SDFNEP: Unable to annotate to non-existent path (IOPATH (posedge B) S) of instance testfixture1.u_set.\mult_278/U4  of module ADDFXL <../syn/SET_syn.sdf, line 8816>.
ncelab: *W,SDFNEP: Unable to annotate to non-existent path (IOPATH (negedge B) S) of instance testfixture1.u_set.\mult_278/U4  of module ADDFXL <../syn/SET_syn.sdf, line 8817>.
ncelab: *W,SDFNEP: Unable to annotate to non-existent path (IOPATH (posedge CI) S) of instance testfixture1.u_set.\mult_278/U4  of module ADDFXL <../syn/SET_syn.sdf, line 8820>.
ncelab: *W,SDFNEP: Unable to annotate to non-existent path (IOPATH (negedge CI) S) of instance testfixture1.u_set.\mult_278/U4  of module ADDFXL <../syn/SET_syn.sdf, line 8821>.
ncelab: *W,SDFNEP: Unable to annotate to non-existent path (IOPATH (posedge A) S) of instance testfixture1.u_set.\mult_278/U5  of module ADDHXL <../syn/SET_syn.sdf, line 8834>.
ncelab: *W,SDFNEP: Unable to annotate to non-existent path (IOPATH (negedge A) S) of instance testfixture1.u_set.\mult_278/U5  of module ADDHXL <../syn/SET_syn.sdf, line 8835>.
ncelab: *W,SDFNEP: Unable to annotate to non-existent path (IOPATH (posedge B) S) of instance testfixture1.u_set.\mult_278/U5  of module ADDHXL <../syn/SET_syn.sdf, line 8838>.
ncelab: *W,SDFNEP: Unable to annotate to non-existent path (IOPATH (negedge B) S) of instance testfixture1.u_set.\mult_278/U5  of module ADDHXL <../syn/SET_syn.sdf, line 8839>.
ncelab: *W,SDFNEP: Unable to annotate to non-existent path (IOPATH (posedge A) S) of instance testfixture1.u_set.\mult_278/U6  of module ADDHXL <../syn/SET_syn.sdf, line 8852>.
ncelab: *W,SDFNEP: Unable to annotate to non-existent path (IOPATH (negedge A) S) of instance testfixture1.u_set.\mult_278/U6  of module ADDHXL <../syn/SET_syn.sdf, line 8853>.
ncelab: *W,SDFNEP: Unable to annotate to non-existent path (IOPATH (posedge B) S) of instance testfixture1.u_set.\mult_278/U6  of module ADDHXL <../syn/SET_syn.sdf, line 8856>.
ncelab: *W,SDFNEP: Unable to annotate to non-existent path (IOPATH (negedge B) S) of instance testfixture1.u_set.\mult_278/U6  of module ADDHXL <../syn/SET_syn.sdf, line 8857>.
ncelab: *W,SDFNEP: Unable to annotate to non-existent path (IOPATH (posedge A) S) of instance testfixture1.u_set.\mult_287/U2  of module ADDFXL <../syn/SET_syn.sdf, line 8877>.
ncelab: *W,SDFNEP: Unable to annotate to non-existent path (IOPATH (negedge A) S) of instance testfixture1.u_set.\mult_287/U2  of module ADDFXL <../syn/SET_syn.sdf, line 8878>.
ncelab: *W,SDFNEP: Unable to annotate to non-existent path (IOPATH (posedge B) S) of instance testfixture1.u_set.\mult_287/U2  of module ADDFXL <../syn/SET_syn.sdf, line 8883>.
ncelab: *W,SDFNEP: Unable to annotate to non-existent path (IOPATH (negedge B) S) of instance testfixture1.u_set.\mult_287/U2  of module ADDFXL <../syn/SET_syn.sdf, line 8884>.
ncelab: *W,SDFNEP: Unable to annotate to non-existent path (IOPATH (posedge CI) S) of instance testfixture1.u_set.\mult_287/U2  of module ADDFXL <../syn/SET_syn.sdf, line 8887>.
ncelab: *W,SDFNEP: Unable to annotate to non-existent path (IOPATH (negedge CI) S) of instance testfixture1.u_set.\mult_287/U2  of module ADDFXL <../syn/SET_syn.sdf, line 8888>.
ncelab: *W,SDFNEP: Unable to annotate to non-existent path (IOPATH (posedge A) S) of instance testfixture1.u_set.\mult_287/U3  of module ADDFXL <../syn/SET_syn.sdf, line 8908>.
ncelab: *W,SDFNEP: Unable to annotate to non-existent path (IOPATH (negedge A) S) of instance testfixture1.u_set.\mult_287/U3  of module ADDFXL <../syn/SET_syn.sdf, line 8909>.
ncelab: *W,SDFNEP: Unable to annotate to non-existent path (IOPATH (posedge B) S) of instance testfixture1.u_set.\mult_287/U3  of module ADDFXL <../syn/SET_syn.sdf, line 8914>.
ncelab: *W,SDFNEP: Unable to annotate to non-existent path (IOPATH (negedge B) S) of instance testfixture1.u_set.\mult_287/U3  of module ADDFXL <../syn/SET_syn.sdf, line 8915>.
ncelab: *W,SDFNEP: Unable to annotate to non-existent path (IOPATH (posedge CI) S) of instance testfixture1.u_set.\mult_287/U3  of module ADDFXL <../syn/SET_syn.sdf, line 8918>.
ncelab: *W,SDFNEP: Unable to annotate to non-existent path (IOPATH (negedge CI) S) of instance testfixture1.u_set.\mult_287/U3  of module ADDFXL <../syn/SET_syn.sdf, line 8919>.
ncelab: *W,SDFNEP: Unable to annotate to non-existent path (IOPATH (posedge A) S) of instance testfixture1.u_set.\mult_287/U4  of module ADDFXL <../syn/SET_syn.sdf, line 8939>.
ncelab: *W,SDFNEP: Unable to annotate to non-existent path (IOPATH (negedge A) S) of instance testfixture1.u_set.\mult_287/U4  of module ADDFXL <../syn/SET_syn.sdf, line 8940>.
ncelab: *W,SDFNEP: Unable to annotate to non-existent path (IOPATH (posedge B) S) of instance testfixture1.u_set.\mult_287/U4  of module ADDFXL <../syn/SET_syn.sdf, line 8945>.
ncelab: *W,SDFNEP: Unable to annotate to non-existent path (IOPATH (negedge B) S) of instance testfixture1.u_set.\mult_287/U4  of module ADDFXL <../syn/SET_syn.sdf, line 8946>.
ncelab: *W,SDFNEP: Unable to annotate to non-existent path (IOPATH (posedge CI) S) of instance testfixture1.u_set.\mult_287/U4  of module ADDFXL <../syn/SET_syn.sdf, line 8949>.
ncelab: *W,SDFNEP: Unable to annotate to non-existent path (IOPATH (negedge CI) S) of instance testfixture1.u_set.\mult_287/U4  of module ADDFXL <../syn/SET_syn.sdf, line 8950>.
ncelab: *W,SDFNEP: Unable to annotate to non-existent path (IOPATH (posedge A) S) of instance testfixture1.u_set.\mult_287/U5  of module ADDHXL <../syn/SET_syn.sdf, line 8963>.
ncelab: *W,SDFNEP: Unable to annotate to non-existent path (IOPATH (negedge A) S) of instance testfixture1.u_set.\mult_287/U5  of module ADDHXL <../syn/SET_syn.sdf, line 8964>.
ncelab: *W,SDFNEP: Unable to annotate to non-existent path (IOPATH (posedge B) S) of instance testfixture1.u_set.\mult_287/U5  of module ADDHXL <../syn/SET_syn.sdf, line 8967>.
ncelab: *W,SDFNEP: Unable to annotate to non-existent path (IOPATH (negedge B) S) of instance testfixture1.u_set.\mult_287/U5  of module ADDHXL <../syn/SET_syn.sdf, line 8968>.
ncelab: *W,SDFNEP: Unable to annotate to non-existent path (IOPATH (posedge A) S) of instance testfixture1.u_set.\mult_287/U6  of module ADDHXL <../syn/SET_syn.sdf, line 8981>.
ncelab: *W,SDFNEP: Unable to annotate to non-existent path (IOPATH (negedge A) S) of instance testfixture1.u_set.\mult_287/U6  of module ADDHXL <../syn/SET_syn.sdf, line 8982>.
ncelab: *W,SDFNEP: Unable to annotate to non-existent path (IOPATH (posedge B) S) of instance testfixture1.u_set.\mult_287/U6  of module ADDHXL <../syn/SET_syn.sdf, line 8985>.
ncelab: *W,SDFNEP: Unable to annotate to non-existent path (IOPATH (negedge B) S) of instance testfixture1.u_set.\mult_287/U6  of module ADDHXL <../syn/SET_syn.sdf, line 8986>.
ncelab: *W,SDFNEP: Unable to annotate to non-existent path (IOPATH (posedge A) S) of instance testfixture1.u_set.\mult_297/U2  of module ADDFXL <../syn/SET_syn.sdf, line 9006>.
ncelab: *W,SDFNEP: Unable to annotate to non-existent path (IOPATH (negedge A) S) of instance testfixture1.u_set.\mult_297/U2  of module ADDFXL <../syn/SET_syn.sdf, line 9007>.
ncelab: *W,SDFNEP: Unable to annotate to non-existent path (IOPATH (posedge B) S) of instance testfixture1.u_set.\mult_297/U2  of module ADDFXL <../syn/SET_syn.sdf, line 9012>.
ncelab: *W,SDFNEP: Unable to annotate to non-existent path (IOPATH (negedge B) S) of instance testfixture1.u_set.\mult_297/U2  of module ADDFXL <../syn/SET_syn.sdf, line 9013>.
ncelab: *W,SDFNEP: Unable to annotate to non-existent path (IOPATH (posedge CI) S) of instance testfixture1.u_set.\mult_297/U2  of module ADDFXL <../syn/SET_syn.sdf, line 9016>.
ncelab: *W,SDFNEP: Unable to annotate to non-existent path (IOPATH (negedge CI) S) of instance testfixture1.u_set.\mult_297/U2  of module ADDFXL <../syn/SET_syn.sdf, line 9017>.
ncelab: *W,SDFNEP: Unable to annotate to non-existent path (IOPATH (posedge A) S) of instance testfixture1.u_set.\mult_297/U3  of module ADDFXL <../syn/SET_syn.sdf, line 9037>.
ncelab: *W,SDFNEP: Unable to annotate to non-existent path (IOPATH (negedge A) S) of instance testfixture1.u_set.\mult_297/U3  of module ADDFXL <../syn/SET_syn.sdf, line 9038>.
ncelab: *W,SDFNEP: Unable to annotate to non-existent path (IOPATH (posedge B) S) of instance testfixture1.u_set.\mult_297/U3  of module ADDFXL <../syn/SET_syn.sdf, line 9043>.
ncelab: *W,SDFNEP: Unable to annotate to non-existent path (IOPATH (negedge B) S) of instance testfixture1.u_set.\mult_297/U3  of module ADDFXL <../syn/SET_syn.sdf, line 9044>.
ncelab: *W,SDFNEP: Unable to annotate to non-existent path (IOPATH (posedge CI) S) of instance testfixture1.u_set.\mult_297/U3  of module ADDFXL <../syn/SET_syn.sdf, line 9047>.
ncelab: *W,SDFNEP: Unable to annotate to non-existent path (IOPATH (negedge CI) S) of instance testfixture1.u_set.\mult_297/U3  of module ADDFXL <../syn/SET_syn.sdf, line 9048>.
ncelab: *W,SDFNEP: Unable to annotate to non-existent path (IOPATH (posedge A) S) of instance testfixture1.u_set.\mult_297/U4  of module ADDFXL <../syn/SET_syn.sdf, line 9068>.
ncelab: *W,SDFNEP: Unable to annotate to non-existent path (IOPATH (negedge A) S) of instance testfixture1.u_set.\mult_297/U4  of module ADDFXL <../syn/SET_syn.sdf, line 9069>.
ncelab: *W,SDFNEP: Unable to annotate to non-existent path (IOPATH (posedge B) S) of instance testfixture1.u_set.\mult_297/U4  of module ADDFXL <../syn/SET_syn.sdf, line 9074>.
ncelab: *W,SDFNEP: Unable to annotate to non-existent path (IOPATH (negedge B) S) of instance testfixture1.u_set.\mult_297/U4  of module ADDFXL <../syn/SET_syn.sdf, line 9075>.
ncelab: *W,SDFNEP: Unable to annotate to non-existent path (IOPATH (posedge CI) S) of instance testfixture1.u_set.\mult_297/U4  of module ADDFXL <../syn/SET_syn.sdf, line 9078>.
ncelab: *W,SDFNEP: Unable to annotate to non-existent path (IOPATH (negedge CI) S) of instance testfixture1.u_set.\mult_297/U4  of module ADDFXL <../syn/SET_syn.sdf, line 9079>.
ncelab: *W,SDFNEP: Unable to annotate to non-existent path (IOPATH (posedge A) S) of instance testfixture1.u_set.\mult_297/U5  of module ADDHXL <../syn/SET_syn.sdf, line 9092>.
ncelab: *W,SDFNEP: Unable to annotate to non-existent path (IOPATH (negedge A) S) of instance testfixture1.u_set.\mult_297/U5  of module ADDHXL <../syn/SET_syn.sdf, line 9093>.
ncelab: *W,SDFNEP: Unable to annotate to non-existent path (IOPATH (posedge B) S) of instance testfixture1.u_set.\mult_297/U5  of module ADDHXL <../syn/SET_syn.sdf, line 9096>.
ncelab: *W,SDFNEP: Unable to annotate to non-existent path (IOPATH (negedge B) S) of instance testfixture1.u_set.\mult_297/U5  of module ADDHXL <../syn/SET_syn.sdf, line 9097>.
ncelab: *W,SDFNEP: Unable to annotate to non-existent path (IOPATH (posedge A) S) of instance testfixture1.u_set.\mult_297/U6  of module ADDHXL <../syn/SET_syn.sdf, line 9110>.
ncelab: *W,SDFNEP: Unable to annotate to non-existent path (IOPATH (negedge A) S) of instance testfixture1.u_set.\mult_297/U6  of module ADDHXL <../syn/SET_syn.sdf, line 9111>.
ncelab: *W,SDFNEP: Unable to annotate to non-existent path (IOPATH (posedge B) S) of instance testfixture1.u_set.\mult_297/U6  of module ADDHXL <../syn/SET_syn.sdf, line 9114>.
ncelab: *W,SDFNEP: Unable to annotate to non-existent path (IOPATH (negedge B) S) of instance testfixture1.u_set.\mult_297/U6  of module ADDHXL <../syn/SET_syn.sdf, line 9115>.
ncelab: *W,SDFNEP: Unable to annotate to non-existent path (IOPATH (posedge A) S) of instance testfixture1.u_set.\mult_277/U2  of module ADDFXL <../syn/SET_syn.sdf, line 9135>.
ncelab: *W,SDFNEP: Unable to annotate to non-existent path (IOPATH (negedge A) S) of instance testfixture1.u_set.\mult_277/U2  of module ADDFXL <../syn/SET_syn.sdf, line 9136>.
ncelab: *W,SDFNEP: Unable to annotate to non-existent path (IOPATH (posedge B) S) of instance testfixture1.u_set.\mult_277/U2  of module ADDFXL <../syn/SET_syn.sdf, line 9141>.
ncelab: *W,SDFNEP: Unable to annotate to non-existent path (IOPATH (negedge B) S) of instance testfixture1.u_set.\mult_277/U2  of module ADDFXL <../syn/SET_syn.sdf, line 9142>.
ncelab: *W,SDFNEP: Unable to annotate to non-existent path (IOPATH (posedge CI) S) of instance testfixture1.u_set.\mult_277/U2  of module ADDFXL <../syn/SET_syn.sdf, line 9145>.
ncelab: *W,SDFNEP: Unable to annotate to non-existent path (IOPATH (negedge CI) S) of instance testfixture1.u_set.\mult_277/U2  of module ADDFXL <../syn/SET_syn.sdf, line 9146>.
ncelab: *W,SDFNEP: Unable to annotate to non-existent path (IOPATH (posedge A) S) of instance testfixture1.u_set.\mult_277/U3  of module ADDFXL <../syn/SET_syn.sdf, line 9166>.
ncelab: *W,SDFNEP: Unable to annotate to non-existent path (IOPATH (negedge A) S) of instance testfixture1.u_set.\mult_277/U3  of module ADDFXL <../syn/SET_syn.sdf, line 9167>.
ncelab: *W,SDFNEP: Unable to annotate to non-existent path (IOPATH (posedge B) S) of instance testfixture1.u_set.\mult_277/U3  of module ADDFXL <../syn/SET_syn.sdf, line 9172>.
ncelab: *W,SDFNEP: Unable to annotate to non-existent path (IOPATH (negedge B) S) of instance testfixture1.u_set.\mult_277/U3  of module ADDFXL <../syn/SET_syn.sdf, line 9173>.
ncelab: *W,SDFNEP: Unable to annotate to non-existent path (IOPATH (posedge CI) S) of instance testfixture1.u_set.\mult_277/U3  of module ADDFXL <../syn/SET_syn.sdf, line 9176>.
ncelab: *W,SDFNEP: Unable to annotate to non-existent path (IOPATH (negedge CI) S) of instance testfixture1.u_set.\mult_277/U3  of module ADDFXL <../syn/SET_syn.sdf, line 9177>.
ncelab: *W,SDFNEP: Unable to annotate to non-existent path (IOPATH (posedge A) S) of instance testfixture1.u_set.\mult_277/U4  of module ADDFXL <../syn/SET_syn.sdf, line 9197>.
ncelab: *W,SDFNEP: Unable to annotate to non-existent path (IOPATH (negedge A) S) of instance testfixture1.u_set.\mult_277/U4  of module ADDFXL <../syn/SET_syn.sdf, line 9198>.
ncelab: *W,SDFNEP: Unable to annotate to non-existent path (IOPATH (posedge B) S) of instance testfixture1.u_set.\mult_277/U4  of module ADDFXL <../syn/SET_syn.sdf, line 9203>.
ncelab: *W,SDFNEP: Unable to annotate to non-existent path (IOPATH (negedge B) S) of instance testfixture1.u_set.\mult_277/U4  of module ADDFXL <../syn/SET_syn.sdf, line 9204>.
ncelab: *W,SDFNEP: Unable to annotate to non-existent path (IOPATH (posedge CI) S) of instance testfixture1.u_set.\mult_277/U4  of module ADDFXL <../syn/SET_syn.sdf, line 9207>.
ncelab: *W,SDFNEP: Unable to annotate to non-existent path (IOPATH (negedge CI) S) of instance testfixture1.u_set.\mult_277/U4  of module ADDFXL <../syn/SET_syn.sdf, line 9208>.
ncelab: *W,SDFNEP: Unable to annotate to non-existent path (IOPATH (posedge A) S) of instance testfixture1.u_set.\mult_277/U5  of module ADDHXL <../syn/SET_syn.sdf, line 9221>.
ncelab: *W,SDFNEP: Unable to annotate to non-existent path (IOPATH (negedge A) S) of instance testfixture1.u_set.\mult_277/U5  of module ADDHXL <../syn/SET_syn.sdf, line 9222>.
ncelab: *W,SDFNEP: Unable to annotate to non-existent path (IOPATH (posedge B) S) of instance testfixture1.u_set.\mult_277/U5  of module ADDHXL <../syn/SET_syn.sdf, line 9225>.
ncelab: *W,SDFNEP: Unable to annotate to non-existent path (IOPATH (negedge B) S) of instance testfixture1.u_set.\mult_277/U5  of module ADDHXL <../syn/SET_syn.sdf, line 9226>.
ncelab: *W,SDFNEP: Unable to annotate to non-existent path (IOPATH (posedge A) S) of instance testfixture1.u_set.\mult_277/U6  of module ADDHXL <../syn/SET_syn.sdf, line 9239>.
ncelab: *W,SDFNEP: Unable to annotate to non-existent path (IOPATH (negedge A) S) of instance testfixture1.u_set.\mult_277/U6  of module ADDHXL <../syn/SET_syn.sdf, line 9240>.
ncelab: *W,SDFNEP: Unable to annotate to non-existent path (IOPATH (posedge B) S) of instance testfixture1.u_set.\mult_277/U6  of module ADDHXL <../syn/SET_syn.sdf, line 9243>.
ncelab: *W,SDFNEP: Unable to annotate to non-existent path (IOPATH (negedge B) S) of instance testfixture1.u_set.\mult_277/U6  of module ADDHXL <../syn/SET_syn.sdf, line 9244>.
	Annotation completed with 0 Errors and 480 Warnings
	SDF statistics: No. of Pathdelays = 2028  Annotated = 100.00% -- No. of Tchecks = 516  Annotated = 100.00% 
				        Total 	   Annotated	  Percentage
		 Path Delays	        2028	        2028	      100.00
		      $width	         258	         258	      100.00
		  $setuphold	         258	         258	      100.00
	Building instance overlay tables: .................... Done
	Generating native compiled code:
		worklib.SET:v <0x7975db9e>
			streams:   1, words:   107
		worklib.testfixture1:v <0x36462ad6>
			streams:  11, words: 14986
	Building instance specific data structures.
	Loading native compiled code:     .................... Done
	Design hierarchy summary:
		                    Instances  Unique
		Modules:                  538      67
		UDPs:                     154       2
		Primitives:              1154       8
		Timing outputs:           638      30
		Registers:                 98      18
		Scalar wires:             732       -
		Expanded wires:            38       3
		Always blocks:              2       2
		Initial blocks:             7       7
		Cont. assignments:          1       1
		Pseudo assignments:         2       2
		Timing checks:            774     103
		Interconnect:            1443       -
		Delayed tcheck signals:   258      91
		Simulation timescale:     1ps
	Writing initial simulation snapshot: worklib.testfixture1:v
Loading snapshot worklib.testfixture1:v .................... Done
*Verdi* Loading libsscore_ius152.so
ncsim> source /usr/cad/cadence/INCISIV/cur/tools/inca/files/ncsimrc
ncsim> run
ncsim: *W,DVEXACC: some objects excluded from $dumpvars due to access restrictions, use +access+r on command line for access to all objects.
            File: ./testfixture.v, line = 40, pos = 9
           Scope: testfixture1
            Time: 0 FS + 0

--------------------------- [ Function 1. Simulation START !! ] ---------------------------
 Pattern           0 at Mode 0 is PASS !
 Pattern           1 at Mode 0 is PASS !
 Pattern           2 at Mode 0 is PASS !
 Pattern           3 at Mode 0 is PASS !
 Pattern           4 at Mode 0 is PASS !
 Pattern           5 at Mode 0 is PASS !
 Pattern           6 at Mode 0 is PASS !
 Pattern           7 at Mode 0 is PASS !
 Pattern           8 at Mode 0 is PASS !
 Pattern           9 at Mode 0 is PASS !
 Pattern          10 at Mode 0 is PASS !
 Pattern          11 at Mode 0 is PASS !
 Pattern          12 at Mode 0 is PASS !
 Pattern          13 at Mode 0 is PASS !
 Pattern          14 at Mode 0 is PASS !
 Pattern          15 at Mode 0 is PASS !
 Pattern          16 at Mode 0 is PASS !
 Pattern          17 at Mode 0 is PASS !
 Pattern          18 at Mode 0 is PASS !
 Pattern          19 at Mode 0 is PASS !
 Pattern          20 at Mode 0 is PASS !
 Pattern          21 at Mode 0 is PASS !
 Pattern          22 at Mode 0 is PASS !
 Pattern          23 at Mode 0 is PASS !
 Pattern          24 at Mode 0 is PASS !
 Pattern          25 at Mode 0 is PASS !
 Pattern          26 at Mode 0 is PASS !
 Pattern          27 at Mode 0 is PASS !
 Pattern          28 at Mode 0 is PASS !
 Pattern          29 at Mode 0 is PASS !
 Pattern          30 at Mode 0 is PASS !
 Pattern          31 at Mode 0 is PASS !
 Pattern          32 at Mode 0 is PASS !
 Pattern          33 at Mode 0 is PASS !
 Pattern          34 at Mode 0 is PASS !
 Pattern          35 at Mode 0 is PASS !
 Pattern          36 at Mode 0 is PASS !
 Pattern          37 at Mode 0 is PASS !
 Pattern          38 at Mode 0 is PASS !
 Pattern          39 at Mode 0 is PASS !
 Pattern          40 at Mode 0 is PASS !
 Pattern          41 at Mode 0 is PASS !
 Pattern          42 at Mode 0 is PASS !
 Pattern          43 at Mode 0 is PASS !
 Pattern          44 at Mode 0 is PASS !
 Pattern          45 at Mode 0 is PASS !
 Pattern          46 at Mode 0 is PASS !
 Pattern          47 at Mode 0 is PASS !
 Pattern          48 at Mode 0 is PASS !
 Pattern          49 at Mode 0 is PASS !
 Pattern          50 at Mode 0 is PASS !
 Pattern          51 at Mode 0 is PASS !
 Pattern          52 at Mode 0 is PASS !
 Pattern          53 at Mode 0 is PASS !
 Pattern          54 at Mode 0 is PASS !
 Pattern          55 at Mode 0 is PASS !
 Pattern          56 at Mode 0 is PASS !
 Pattern          57 at Mode 0 is PASS !
 Pattern          58 at Mode 0 is PASS !
 Pattern          59 at Mode 0 is PASS !
 Pattern          60 at Mode 0 is PASS !
 Pattern          61 at Mode 0 is PASS !
 Pattern          62 at Mode 0 is PASS !
 Pattern          63 at Mode 0 is PASS !
--------------------------- Simulation FINISH !!---------------------------
============================================================================

 \(^o^)/ CONGRATULATIONS!!  The simulation result is PASS!!!

============================================================================
Simulation complete via $finish(1) at time 247730 NS + 0
./testfixture.v:133 $finish;
ncsim> exit
TOOL:	ncverilog	15.20-s039: Exiting on Sep 26, 2020 at 15:42:02 CST  (total: 00:00:05)
