 
****************************************
Report : area
Design : SET
Version: Q-2019.12
Date   : Sat Sep 26 15:40:02 2020
****************************************

Library(s) Used:

    slow (File: /usr/cad/CBDK_IC_Contest_v2.1/SynopsysDC/db/slow.db)

Number of ports:                           96
Number of nets:                           724
Number of cells:                          540
Number of combinational cells:            448
Number of sequential cells:                86
Number of macros/black boxes:               0
Number of buf/inv:                         56
Number of references:                      58

Combinational area:               4815.523806
Buf/Inv area:                      366.638404
Noncombinational area:            2827.868324
Macro/Black Box area:                0.000000
Net Interconnect area:           67760.342865

Total cell area:                  7643.392131
Total area:                      75403.734996
1
